"../../../Engine/Plugins/Editor/SpeedTreeImporter/Content/SpeedTree9/game_wind_noise.ubulk" 0
"../../../Engine/Plugins/Editor/SpeedTreeImporter/Content/SpeedTree9/game_wind_noise.uasset" 1
"../../../Engine/Plugins/Editor/SpeedTreeImporter/Content/SpeedTree9/game_wind_noise.uexp" 2
"../../../Engine/Plugins/Editor/SpeedTreeImporter/Content/SpeedTree9/UnpackDirection.uasset" 3
"../../../Engine/Plugins/Editor/SpeedTreeImporter/Content/SpeedTree9/UnpackDirection.uexp" 4
"../../../Engine/Content/Functions/Engine_MaterialFunctions02/ObjectLocalBounds.uasset" 5
"../../../Engine/Content/Functions/Engine_MaterialFunctions02/ObjectLocalBounds.uexp" 6
"../../../Engine/Content/Functions/Engine_MaterialFunctions02/Utility/BreakOutFloat3Components.uasset" 7
"../../../Engine/Content/Functions/Engine_MaterialFunctions02/Utility/BreakOutFloat3Components.uexp" 8
"../../../Engine/Content/Functions/Engine_MaterialFunctions02/UVs/BoundingBoxBased_0-1_UVW.uasset" 9
"../../../Engine/Content/Functions/Engine_MaterialFunctions02/UVs/BoundingBoxBased_0-1_UVW.uexp" 10
"../../../Engine/Content/Functions/Engine_MaterialFunctions02/Utility/VectorLength.uasset" 11
"../../../Engine/Content/Functions/Engine_MaterialFunctions02/Utility/VectorLength.uexp" 12
"../../../Engine/Plugins/Editor/SpeedTreeImporter/Content/SpeedTree9/UnpackInteger3.uasset" 13
"../../../Engine/Plugins/Editor/SpeedTreeImporter/Content/SpeedTree9/UnpackInteger3.uexp" 14
"../../../Engine/Plugins/Editor/SpeedTreeImporter/Content/SpeedTree9/SpeedTreeCameraFacing.uasset" 15
"../../../Engine/Plugins/Editor/SpeedTreeImporter/Content/SpeedTree9/SpeedTreeCameraFacing.uexp" 16
"../../../Engine/Content/Functions/Engine_MaterialFunctions02/WorldPositionOffset/ObjectScale.uasset" 17
"../../../Engine/Content/Functions/Engine_MaterialFunctions02/WorldPositionOffset/ObjectScale.uexp" 18
"../../../Engine/Content/Functions/Engine_MaterialFunctions02/SafeNormalize.uasset" 19
"../../../Engine/Content/Functions/Engine_MaterialFunctions02/SafeNormalize.uexp" 20
"../../../Engine/Plugins/Editor/SpeedTreeImporter/Content/SpeedTree9/SpeedTreeWindMotion.uasset" 21
"../../../Engine/Plugins/Editor/SpeedTreeImporter/Content/SpeedTree9/SpeedTreeWindMotion.uexp" 22
"../../../Engine/Plugins/Editor/SpeedTreeImporter/Content/SpeedTree9/SpeedTreeBranchMotion.uasset" 23
"../../../Engine/Plugins/Editor/SpeedTreeImporter/Content/SpeedTree9/SpeedTreeBranchMotion.uexp" 24
"../../../Engine/Plugins/Editor/SpeedTreeImporter/Content/SpeedTree9/SpeedTreeWind.uasset" 25
"../../../Engine/Plugins/Editor/SpeedTreeImporter/Content/SpeedTree9/SpeedTreeWind.uexp" 26
"../../../Engine/Plugins/Editor/SpeedTreeImporter/Content/SpeedTree9/EmptyNormal.uasset" 27
"../../../Engine/Plugins/Editor/SpeedTreeImporter/Content/SpeedTree9/EmptyNormal.uexp" 28
"../../../Engine/Plugins/Editor/SpeedTreeImporter/Content/SpeedTree9/Empty.uasset" 29
"../../../Engine/Plugins/Editor/SpeedTreeImporter/Content/SpeedTree9/Empty.uexp" 30
"../../../Engine/Plugins/Editor/SpeedTreeImporter/Content/SpeedTree9/SpeedTreeMaster.uasset" 31
"../../../Engine/Plugins/Editor/SpeedTreeImporter/Content/SpeedTree9/SpeedTreeMaster.uexp" 32
"../../../Engine/Plugins/Editor/SpeedTreeImporter/Content/SpeedTree9/SpeedTreeBillboard.uasset" 33
"../../../Engine/Plugins/Editor/SpeedTreeImporter/Content/SpeedTree9/SpeedTreeBillboard.uexp" 34
"../../../Engine/Plugins/Editor/SpeedTreeImporter/Content/SpeedTree9/SpeedTreeBillboardMaster.uasset" 35
"../../../Engine/Plugins/Editor/SpeedTreeImporter/Content/SpeedTree9/SpeedTreeBillboardMaster.uexp" 36
"../../../Engine/Content/Functions/Engine_MaterialFunctions02/WorldPositionOffset/CameraOffset.uasset" 37
"../../../Engine/Content/Functions/Engine_MaterialFunctions02/WorldPositionOffset/CameraOffset.uexp" 38
"../../../Engine/Plugins/Animation/ControlRig/Content/M_Manip.uasset" 39
"../../../Engine/Plugins/Animation/ControlRig/Content/M_Manip.uexp" 40
"../../../Engine/Plugins/Animation/ControlRig/Content/Controls/DefaultGizmoLibraryNormalized.uasset" 41
"../../../Engine/Plugins/Animation/ControlRig/Content/Controls/DefaultGizmoLibraryNormalized.uexp" 42
"../../../Engine/Content/EngineMaterials/T_Default_Material_Grid_M.ubulk" 43
"../../../Engine/Content/EngineMaterials/T_Default_Material_Grid_M.uasset" 44
"../../../Engine/Content/EngineMaterials/T_Default_Material_Grid_M.uexp" 45
"../../../Engine/Content/EngineMaterials/T_Default_Material_Grid_N.ubulk" 46
"../../../Engine/Content/EngineMaterials/T_Default_Material_Grid_N.uasset" 47
"../../../Engine/Content/EngineMaterials/T_Default_Material_Grid_N.uexp" 48
"../../../Engine/Content/Functions/Engine_MaterialFunctions01/Opacity/CameraDepthFade.uasset" 49
"../../../Engine/Content/Functions/Engine_MaterialFunctions01/Opacity/CameraDepthFade.uexp" 50
"../../../Engine/Content/EngineMaterials/WorldGridMaterial.uasset" 51
"../../../Engine/Content/EngineMaterials/WorldGridMaterial.uexp" 52
"../../../Engine/Plugins/Animation/ControlRig/Content/Controls/ControlRig_Wedge_solid.ubulk" 53
"../../../Engine/Plugins/Animation/ControlRig/Content/Controls/ControlRig_Wedge_solid.uasset" 54
"../../../Engine/Plugins/Animation/ControlRig/Content/Controls/ControlRig_Wedge_solid.uexp" 55
"../../../Engine/Plugins/Animation/ControlRig/Content/Controls/ControlRig_Wedge_3mm.ubulk" 56
"../../../Engine/Plugins/Animation/ControlRig/Content/Controls/ControlRig_Wedge_3mm.uasset" 57
"../../../Engine/Plugins/Animation/ControlRig/Content/Controls/ControlRig_Wedge_3mm.uexp" 58
"../../../Engine/Plugins/Animation/ControlRig/Content/Controls/ControlRig_Wedge_1mm.ubulk" 59
"../../../Engine/Plugins/Animation/ControlRig/Content/Controls/ControlRig_Wedge_1mm.uasset" 60
"../../../Engine/Plugins/Animation/ControlRig/Content/Controls/ControlRig_Wedge_1mm.uexp" 61
"../../../Engine/Plugins/Animation/ControlRig/Content/Controls/ControlRig_Triangle_solid.ubulk" 62
"../../../Engine/Plugins/Animation/ControlRig/Content/Controls/ControlRig_Triangle_solid.uasset" 63
"../../../Engine/Plugins/Animation/ControlRig/Content/Controls/ControlRig_Triangle_solid.uexp" 64
"../../../Engine/Plugins/Animation/ControlRig/Content/Controls/ControlRig_Triangle_3mm.ubulk" 65
"../../../Engine/Plugins/Animation/ControlRig/Content/Controls/ControlRig_Triangle_3mm.uasset" 66
"../../../Engine/Plugins/Animation/ControlRig/Content/Controls/ControlRig_Triangle_3mm.uexp" 67
"../../../Engine/Plugins/Animation/ControlRig/Content/Controls/ControlRig_Triangle_1mm.ubulk" 68
"../../../Engine/Plugins/Animation/ControlRig/Content/Controls/ControlRig_Triangle_1mm.uasset" 69
"../../../Engine/Plugins/Animation/ControlRig/Content/Controls/ControlRig_Triangle_1mm.uexp" 70
"../../../Engine/Plugins/Animation/ControlRig/Content/Controls/ControlRig_Star4_solid.ubulk" 71
"../../../Engine/Plugins/Animation/ControlRig/Content/Controls/ControlRig_Star4_solid.uasset" 72
"../../../Engine/Plugins/Animation/ControlRig/Content/Controls/ControlRig_Star4_solid.uexp" 73
"../../../Engine/Plugins/Animation/ControlRig/Content/Controls/ControlRig_Star4_3mm.ubulk" 74
"../../../Engine/Plugins/Animation/ControlRig/Content/Controls/ControlRig_Star4_3mm.uasset" 75
"../../../Engine/Plugins/Animation/ControlRig/Content/Controls/ControlRig_Star4_3mm.uexp" 76
"../../../Engine/Plugins/Animation/ControlRig/Content/Controls/ControlRig_Star4_1mm.ubulk" 77
"../../../Engine/Plugins/Animation/ControlRig/Content/Controls/ControlRig_Star4_1mm.uasset" 78
"../../../Engine/Plugins/Animation/ControlRig/Content/Controls/ControlRig_Star4_1mm.uexp" 79
"../../../Engine/Plugins/Animation/ControlRig/Content/Controls/ControlRig_Square_solid.ubulk" 80
"../../../Engine/Plugins/Animation/ControlRig/Content/Controls/ControlRig_Square_solid.uasset" 81
"../../../Engine/Plugins/Animation/ControlRig/Content/Controls/ControlRig_Square_solid.uexp" 82
"../../../Engine/Plugins/Animation/ControlRig/Content/Controls/ControlRig_Square_3mm.ubulk" 83
"../../../Engine/Plugins/Animation/ControlRig/Content/Controls/ControlRig_Square_3mm.uasset" 84
"../../../Engine/Plugins/Animation/ControlRig/Content/Controls/ControlRig_Square_3mm.uexp" 85
"../../../Engine/Plugins/Animation/ControlRig/Content/Controls/ControlRig_Square_1mm.ubulk" 86
"../../../Engine/Plugins/Animation/ControlRig/Content/Controls/ControlRig_Square_1mm.uasset" 87
"../../../Engine/Plugins/Animation/ControlRig/Content/Controls/ControlRig_Square_1mm.uexp" 88
"../../../Engine/Plugins/Animation/ControlRig/Content/Controls/ControlRig_Sphere_solid.ubulk" 89
"../../../Engine/Plugins/Animation/ControlRig/Content/Controls/ControlRig_Sphere_solid.uasset" 90
"../../../Engine/Plugins/Animation/ControlRig/Content/Controls/ControlRig_Sphere_solid.uexp" 91
"../../../Engine/Plugins/Animation/ControlRig/Content/Controls/ControlRig_Sphere_3mm.ubulk" 92
"../../../Engine/Plugins/Animation/ControlRig/Content/Controls/ControlRig_Sphere_3mm.uasset" 93
"../../../Engine/Plugins/Animation/ControlRig/Content/Controls/ControlRig_Sphere_3mm.uexp" 94
"../../../Engine/Plugins/Animation/ControlRig/Content/Controls/ControlRig_Sphere_1mm.ubulk" 95
"../../../Engine/Plugins/Animation/ControlRig/Content/Controls/ControlRig_Sphere_1mm.uasset" 96
"../../../Engine/Plugins/Animation/ControlRig/Content/Controls/ControlRig_Sphere_1mm.uexp" 97
"../../../Engine/Plugins/Animation/ControlRig/Content/Controls/ControlRig_RoundedTriangle_solid.ubulk" 98
"../../../Engine/Plugins/Animation/ControlRig/Content/Controls/ControlRig_RoundedTriangle_solid.uasset" 99
"../../../Engine/Plugins/Animation/ControlRig/Content/Controls/ControlRig_RoundedTriangle_solid.uexp" 100
"../../../Engine/Plugins/Animation/ControlRig/Content/Controls/ControlRig_RoundedTriangle_3mm.ubulk" 101
"../../../Engine/Plugins/Animation/ControlRig/Content/Controls/ControlRig_RoundedTriangle_3mm.uasset" 102
"../../../Engine/Plugins/Animation/ControlRig/Content/Controls/ControlRig_RoundedTriangle_3mm.uexp" 103
"../../../Engine/Plugins/Animation/ControlRig/Content/Controls/ControlRig_RoundedTriangle_1mm.ubulk" 104
"../../../Engine/Plugins/Animation/ControlRig/Content/Controls/ControlRig_RoundedTriangle_1mm.uasset" 105
"../../../Engine/Plugins/Animation/ControlRig/Content/Controls/ControlRig_RoundedTriangle_1mm.uexp" 106
"../../../Engine/Plugins/Animation/ControlRig/Content/Controls/ControlRig_RoundedSquare_solid.ubulk" 107
"../../../Engine/Plugins/Animation/ControlRig/Content/Controls/ControlRig_RoundedSquare_solid.uasset" 108
"../../../Engine/Plugins/Animation/ControlRig/Content/Controls/ControlRig_RoundedSquare_solid.uexp" 109
"../../../Engine/Plugins/Animation/ControlRig/Content/Controls/ControlRig_RoundedSquare_3mm.ubulk" 110
"../../../Engine/Plugins/Animation/ControlRig/Content/Controls/ControlRig_RoundedSquare_3mm.uasset" 111
"../../../Engine/Plugins/Animation/ControlRig/Content/Controls/ControlRig_RoundedSquare_3mm.uexp" 112
"../../../Engine/Plugins/Animation/ControlRig/Content/Controls/ControlRig_RoundedSquare_1mm.ubulk" 113
"../../../Engine/Plugins/Animation/ControlRig/Content/Controls/ControlRig_RoundedSquare_1mm.uasset" 114
"../../../Engine/Plugins/Animation/ControlRig/Content/Controls/ControlRig_RoundedSquare_1mm.uexp" 115
"../../../Engine/Plugins/Animation/ControlRig/Content/Controls/ControlRig_QuarterCircle_solid.ubulk" 116
"../../../Engine/Plugins/Animation/ControlRig/Content/Controls/ControlRig_QuarterCircle_solid.uasset" 117
"../../../Engine/Plugins/Animation/ControlRig/Content/Controls/ControlRig_QuarterCircle_solid.uexp" 118
"../../../Engine/Plugins/Animation/ControlRig/Content/Controls/ControlRig_QuarterCircle_3mm.ubulk" 119
"../../../Engine/Plugins/Animation/ControlRig/Content/Controls/ControlRig_QuarterCircle_3mm.uasset" 120
"../../../Engine/Plugins/Animation/ControlRig/Content/Controls/ControlRig_QuarterCircle_3mm.uexp" 121
"../../../Engine/Plugins/Experimental/Water/Content/Waves/GerstnerWaves_Lake.uasset" 122
"../../../Engine/Plugins/Experimental/Water/Content/Waves/GerstnerWaves_Lake.uexp" 123
"../../../Engine/Plugins/Experimental/Water/Content/Meshes/RiverMesh.ubulk" 124
"../../../Engine/Plugins/Experimental/Water/Content/Meshes/RiverMesh.uasset" 125
"../../../Engine/Plugins/Experimental/Water/Content/Meshes/RiverMesh.uexp" 126
"../../../Engine/Plugins/Experimental/Water/Content/Meshes/LakeMesh.ubulk" 127
"../../../Engine/Plugins/Experimental/Water/Content/Meshes/LakeMesh.uasset" 128
"../../../Engine/Plugins/Experimental/Water/Content/Meshes/LakeMesh.uexp" 129
"../../../Engine/Plugins/Experimental/Water/Content/Icons/WaterZoneActorSprite.ubulk" 130
"../../../Engine/Plugins/Experimental/Water/Content/Icons/WaterZoneActorSprite.uasset" 131
"../../../Engine/Plugins/Experimental/Water/Content/Icons/WaterZoneActorSprite.uexp" 132
"../../../Engine/Plugins/Experimental/Water/Content/Icons/WaterSprite.uasset" 133
"../../../Engine/Plugins/Experimental/Water/Content/Icons/WaterSprite.uexp" 134
"../../../Engine/Plugins/Experimental/Water/Content/Icons/WaterLandscapeBrushSprite.ubulk" 135
"../../../Engine/Plugins/Experimental/Water/Content/Icons/WaterLandscapeBrushSprite.uasset" 136
"../../../Engine/Plugins/Experimental/Water/Content/Icons/WaterLandscapeBrushSprite.uexp" 137
"../../../Engine/Plugins/Experimental/Water/Content/Icons/WaterErrorSprite.ubulk" 138
"../../../Engine/Plugins/Experimental/Water/Content/Icons/WaterErrorSprite.uasset" 139
"../../../Engine/Plugins/Experimental/Water/Content/Icons/WaterErrorSprite.uexp" 140
"../../../Engine/Plugins/Experimental/Water/Content/Icons/WaterBodyRiverSprite.uasset" 141
"../../../Engine/Plugins/Experimental/Water/Content/Icons/WaterBodyRiverSprite.uexp" 142
"../../../Engine/Plugins/Experimental/Water/Content/Icons/WaterBodyOceanSprite.uasset" 143
"../../../Engine/Plugins/Experimental/Water/Content/Icons/WaterBodyOceanSprite.uexp" 144
"../../../Engine/Plugins/Experimental/Water/Content/Icons/WaterBodyLakeSprite.uasset" 145
"../../../Engine/Plugins/Experimental/Water/Content/Icons/WaterBodyLakeSprite.uexp" 146
"../../../Engine/Plugins/Experimental/Water/Content/Icons/WaterBodyIslandSprite.uasset" 147
"../../../Engine/Plugins/Experimental/Water/Content/Icons/WaterBodyIslandSprite.uexp" 148
"../../../Engine/Plugins/Experimental/Water/Content/Icons/WaterBodyExclusionVolumeSprite.uasset" 149
"../../../Engine/Plugins/Experimental/Water/Content/Icons/WaterBodyExclusionVolumeSprite.uexp" 150
"../../../Engine/Plugins/Experimental/Water/Content/Icons/WaterBodyCustomSprite.uasset" 151
"../../../Engine/Plugins/Experimental/Water/Content/Icons/WaterBodyCustomSprite.uexp" 152
"../../../Engine/Plugins/Experimental/Water/Content/Curves/FloatCurve_WaterBodyIsland.uasset" 153
"../../../Engine/Plugins/Experimental/Water/Content/Curves/FloatCurve_WaterBodyIsland.uexp" 154
"../../../Engine/Plugins/Animation/ControlRig/Content/Controls/ControlRig_QuarterCircle_1mm.ubulk" 155
"../../../Engine/Plugins/Animation/ControlRig/Content/Controls/ControlRig_QuarterCircle_1mm.uasset" 156
"../../../Engine/Plugins/Animation/ControlRig/Content/Controls/ControlRig_QuarterCircle_1mm.uexp" 157
"../../../Engine/Plugins/Animation/ControlRig/Content/Controls/ControlRig_Pyramid_solid.ubulk" 158
"../../../Engine/Plugins/Animation/ControlRig/Content/Controls/ControlRig_Pyramid_solid.uasset" 159
"../../../Engine/Plugins/Animation/ControlRig/Content/Controls/ControlRig_Pyramid_solid.uexp" 160
"../../../Engine/Plugins/Animation/ControlRig/Content/Controls/ControlRig_Pyramid_3mm.ubulk" 161
"../../../Engine/Plugins/Animation/ControlRig/Content/Controls/ControlRig_Pyramid_3mm.uasset" 162
"../../../Engine/Plugins/Animation/ControlRig/Content/Controls/ControlRig_Pyramid_3mm.uexp" 163
"../../../Engine/Plugins/Animation/ControlRig/Content/Controls/ControlRig_Pyramid_1mm.ubulk" 164
"../../../Engine/Plugins/Animation/ControlRig/Content/Controls/ControlRig_Pyramid_1mm.uasset" 165
"../../../Engine/Plugins/Animation/ControlRig/Content/Controls/ControlRig_Pyramid_1mm.uexp" 166
"../../../Engine/Plugins/Animation/ControlRig/Content/Controls/ControlRig_Octagon_solid.ubulk" 167
"../../../Engine/Plugins/Animation/ControlRig/Content/Controls/ControlRig_Octagon_solid.uasset" 168
"../../../Engine/Plugins/Animation/ControlRig/Content/Controls/ControlRig_Octagon_solid.uexp" 169
"../../../Engine/Plugins/Animation/ControlRig/Content/Controls/ControlRig_Octagon_3mm.ubulk" 170
"../../../Engine/Plugins/Animation/ControlRig/Content/Controls/ControlRig_Octagon_3mm.uasset" 171
"../../../Engine/Plugins/Animation/ControlRig/Content/Controls/ControlRig_Octagon_3mm.uexp" 172
"../../../Engine/Plugins/Animation/ControlRig/Content/Controls/ControlRig_Octagon_1mm.ubulk" 173
"../../../Engine/Plugins/Animation/ControlRig/Content/Controls/ControlRig_Octagon_1mm.uasset" 174
"../../../Engine/Plugins/Animation/ControlRig/Content/Controls/ControlRig_Octagon_1mm.uexp" 175
"../../../Engine/Plugins/Animation/ControlRig/Content/Controls/ControlRig_Hexagon_solid.ubulk" 176
"../../../Engine/Plugins/Animation/ControlRig/Content/Controls/ControlRig_Hexagon_solid.uasset" 177
"../../../Engine/Plugins/Animation/ControlRig/Content/Controls/ControlRig_Hexagon_solid.uexp" 178
"../../../Engine/Plugins/Animation/ControlRig/Content/Controls/ControlRig_Hexagon_3mm.ubulk" 179
"../../../Engine/Plugins/Animation/ControlRig/Content/Controls/ControlRig_Hexagon_3mm.uasset" 180
"../../../Engine/Plugins/Animation/ControlRig/Content/Controls/ControlRig_Hexagon_3mm.uexp" 181
"../../../Engine/Plugins/Animation/ControlRig/Content/Controls/ControlRig_Hexagon_1mm.ubulk" 182
"../../../Engine/Plugins/Animation/ControlRig/Content/Controls/ControlRig_Hexagon_1mm.uasset" 183
"../../../Engine/Plugins/Animation/ControlRig/Content/Controls/ControlRig_Hexagon_1mm.uexp" 184
"../../../Engine/Plugins/Animation/ControlRig/Content/Controls/ControlRig_HalfCircle_solid.ubulk" 185
"../../../Engine/Plugins/Animation/ControlRig/Content/Controls/ControlRig_HalfCircle_solid.uasset" 186
"../../../Engine/Plugins/Animation/ControlRig/Content/Controls/ControlRig_HalfCircle_solid.uexp" 187
"../../../Engine/Plugins/Animation/ControlRig/Content/Controls/ControlRig_HalfCircle_3mm.ubulk" 188
"../../../Engine/Plugins/Animation/ControlRig/Content/Controls/ControlRig_HalfCircle_3mm.uasset" 189
"../../../Engine/Plugins/Animation/ControlRig/Content/Controls/ControlRig_HalfCircle_3mm.uexp" 190
"../../../Engine/Plugins/Animation/ControlRig/Content/Controls/ControlRig_HalfCircle_1mm.ubulk" 191
"../../../Engine/Plugins/Animation/ControlRig/Content/Controls/ControlRig_HalfCircle_1mm.uasset" 192
"../../../Engine/Plugins/Animation/ControlRig/Content/Controls/ControlRig_HalfCircle_1mm.uexp" 193
"../../../Engine/Plugins/Animation/ControlRig/Content/Controls/ControlRig_Diamond_solid.ubulk" 194
"../../../Engine/Plugins/Animation/ControlRig/Content/Controls/ControlRig_Diamond_solid.uasset" 195
"../../../Engine/Plugins/Animation/ControlRig/Content/Controls/ControlRig_Diamond_solid.uexp" 196
"../../../Engine/Plugins/Animation/ControlRig/Content/Controls/ControlRig_Diamond_3mm.ubulk" 197
"../../../Engine/Plugins/Animation/ControlRig/Content/Controls/ControlRig_Diamond_3mm.uasset" 198
"../../../Engine/Plugins/Animation/ControlRig/Content/Controls/ControlRig_Diamond_3mm.uexp" 199
"../../../Engine/Plugins/Animation/ControlRig/Content/Controls/ControlRig_Diamond_1mm.ubulk" 200
"../../../Engine/Plugins/Animation/ControlRig/Content/Controls/ControlRig_Diamond_1mm.uasset" 201
"../../../Engine/Plugins/Animation/ControlRig/Content/Controls/ControlRig_Diamond_1mm.uexp" 202
"../../../Engine/Plugins/Animation/ControlRig/Content/Controls/ControlRig_Circle_solid.ubulk" 203
"../../../Engine/Plugins/Animation/ControlRig/Content/Controls/ControlRig_Circle_solid.uasset" 204
"../../../Engine/Plugins/Animation/ControlRig/Content/Controls/ControlRig_Circle_solid.uexp" 205
"../../../Engine/Plugins/Animation/ControlRig/Content/Controls/ControlRig_Circle_3mm.ubulk" 206
"../../../Engine/Plugins/Animation/ControlRig/Content/Controls/ControlRig_Circle_3mm.uasset" 207
"../../../Engine/Plugins/Animation/ControlRig/Content/Controls/ControlRig_Circle_3mm.uexp" 208
"../../../Engine/Plugins/Animation/ControlRig/Content/Controls/ControlRig_Circle_1mm.ubulk" 209
"../../../Engine/Plugins/Animation/ControlRig/Content/Controls/ControlRig_Circle_1mm.uasset" 210
"../../../Engine/Plugins/Animation/ControlRig/Content/Controls/ControlRig_Circle_1mm.uexp" 211
"../../../Engine/Plugins/Animation/ControlRig/Content/Controls/ControlRig_Box_solid.ubulk" 212
"../../../Engine/Plugins/Animation/ControlRig/Content/Controls/ControlRig_Box_solid.uasset" 213
"../../../Engine/Plugins/Animation/ControlRig/Content/Controls/ControlRig_Box_solid.uexp" 214
"../../../Engine/Plugins/Animation/ControlRig/Content/Controls/ControlRig_Box_3mm.ubulk" 215
"../../../Engine/Plugins/Animation/ControlRig/Content/Controls/ControlRig_Box_3mm.uasset" 216
"../../../Engine/Plugins/Animation/ControlRig/Content/Controls/ControlRig_Box_3mm.uexp" 217
"../../../Engine/Plugins/Animation/ControlRig/Content/Controls/ControlRig_Box_1mm.ubulk" 218
"../../../Engine/Plugins/Animation/ControlRig/Content/Controls/ControlRig_Box_1mm.uasset" 219
"../../../Engine/Plugins/Animation/ControlRig/Content/Controls/ControlRig_Box_1mm.uexp" 220
"../../../Engine/Plugins/Animation/ControlRig/Content/Controls/ControlRig_Arrow_solid.ubulk" 221
"../../../Engine/Plugins/Animation/ControlRig/Content/Controls/ControlRig_Arrow_solid.uasset" 222
"../../../Engine/Plugins/Animation/ControlRig/Content/Controls/ControlRig_Arrow_solid.uexp" 223
"../../../Engine/Plugins/Animation/ControlRig/Content/Controls/ControlRig_Arrow_3mm.ubulk" 224
"../../../Engine/Plugins/Animation/ControlRig/Content/Controls/ControlRig_Arrow_3mm.uasset" 225
"../../../Engine/Plugins/Animation/ControlRig/Content/Controls/ControlRig_Arrow_3mm.uexp" 226
"../../../Engine/Plugins/Animation/ControlRig/Content/Controls/ControlRig_Arrow_1mm.ubulk" 227
"../../../Engine/Plugins/Animation/ControlRig/Content/Controls/ControlRig_Arrow_1mm.uasset" 228
"../../../Engine/Plugins/Animation/ControlRig/Content/Controls/ControlRig_Arrow_1mm.uexp" 229
"../../../Engine/Plugins/Animation/ControlRig/Content/Controls/ControlRig_Arrow4_solid.ubulk" 230
"../../../Engine/Plugins/Animation/ControlRig/Content/Controls/ControlRig_Arrow4_solid.uasset" 231
"../../../Engine/Plugins/Animation/ControlRig/Content/Controls/ControlRig_Arrow4_solid.uexp" 232
"../../../Engine/Plugins/Animation/ControlRig/Content/Controls/ControlRig_Arrow4_3mm.ubulk" 233
"../../../Engine/Plugins/Animation/ControlRig/Content/Controls/ControlRig_Arrow4_3mm.uasset" 234
"../../../Engine/Plugins/Animation/ControlRig/Content/Controls/ControlRig_Arrow4_3mm.uexp" 235
"../../../Engine/Plugins/Animation/ControlRig/Content/Controls/ControlRig_Arrow4_1mm.ubulk" 236
"../../../Engine/Plugins/Animation/ControlRig/Content/Controls/ControlRig_Arrow4_1mm.uasset" 237
"../../../Engine/Plugins/Animation/ControlRig/Content/Controls/ControlRig_Arrow4_1mm.uexp" 238
"../../../Engine/Plugins/Animation/ControlRig/Content/Controls/ControlRig_Arrow2_solid.ubulk" 239
"../../../Engine/Plugins/Animation/ControlRig/Content/Controls/ControlRig_Arrow2_solid.uasset" 240
"../../../Engine/Plugins/Animation/ControlRig/Content/Controls/ControlRig_Arrow2_solid.uexp" 241
"../../../Engine/Plugins/Animation/ControlRig/Content/Controls/ControlRig_Arrow2_3mm.ubulk" 242
"../../../Engine/Plugins/Animation/ControlRig/Content/Controls/ControlRig_Arrow2_3mm.uasset" 243
"../../../Engine/Plugins/Animation/ControlRig/Content/Controls/ControlRig_Arrow2_3mm.uexp" 244
"../../../Engine/Plugins/Animation/ControlRig/Content/Controls/ControlRig_Arrow2_1mm.ubulk" 245
"../../../Engine/Plugins/Animation/ControlRig/Content/Controls/ControlRig_Arrow2_1mm.uasset" 246
"../../../Engine/Plugins/Animation/ControlRig/Content/Controls/ControlRig_Arrow2_1mm.uexp" 247
"../../../Engine/Plugins/Animation/ControlRig/Content/Controls/ControlRigGizmoMaterial.uasset" 248
"../../../Engine/Plugins/Animation/ControlRig/Content/Controls/ControlRigGizmoMaterial.uexp" 249
"../../../Engine/Plugins/2D/Paper2D/Content/PlaceholderTextures/DummySpriteTexture.ubulk" 250
"../../../Engine/Plugins/2D/Paper2D/Content/PlaceholderTextures/DummySpriteTexture.uasset" 251
"../../../Engine/Plugins/2D/Paper2D/Content/PlaceholderTextures/DummySpriteTexture.uexp" 252
"../../../Engine/Plugins/2D/Paper2D/Content/DefaultSpriteMaterial.uasset" 253
"../../../Engine/Plugins/2D/Paper2D/Content/DefaultSpriteMaterial.uexp" 254
"../../../Engine/Plugins/2D/Paper2D/Content/OpaqueUnlitSpriteMaterial.uasset" 255
"../../../Engine/Plugins/2D/Paper2D/Content/OpaqueUnlitSpriteMaterial.uexp" 256
"../../../Engine/Plugins/2D/Paper2D/Content/MaskedUnlitSpriteMaterial.uasset" 257
"../../../Engine/Plugins/2D/Paper2D/Content/MaskedUnlitSpriteMaterial.uexp" 258
"../../../Engine/Plugins/2D/Paper2D/Content/DummySprite.uasset" 259
"../../../Engine/Plugins/2D/Paper2D/Content/DummySprite.uexp" 260
"../../../Engine/Plugins/2D/Paper2D/Content/DefaultPaperTerrainMaterial.uasset" 261
"../../../Engine/Plugins/2D/Paper2D/Content/DefaultPaperTerrainMaterial.uexp" 262
"../../../Engine/Content/VREditor/TransformGizmo/Main.uasset" 263
"../../../Engine/Content/VREditor/TransformGizmo/Main.uexp" 264
"../../../Engine/Content/VREditor/TransformGizmo/Xray.uasset" 265
"../../../Engine/Content/VREditor/TransformGizmo/Xray.uexp" 266
"../../../Engine/Content/VREditor/TransformGizmo/SM_Sequencer_Node.ubulk" 267
"../../../Engine/Content/VREditor/TransformGizmo/SM_Sequencer_Node.uasset" 268
"../../../Engine/Content/VREditor/TransformGizmo/SM_Sequencer_Node.uexp" 269
"../../../Engine/Content/VREditor/LaserPointer/VR_LaserPower_01.ubulk" 270
"../../../Engine/Content/VREditor/LaserPointer/VR_LaserPower_01.uasset" 271
"../../../Engine/Content/VREditor/LaserPointer/VR_LaserPower_01.uexp" 272
"../../../Engine/Content/VREditor/TransformGizmo/TransformGizmoMaterial.uasset" 273
"../../../Engine/Content/VREditor/TransformGizmo/TransformGizmoMaterial.uexp" 274
"../../../Engine/Content/VREditor/TransformGizmo/TranslucentTransformGizmoMaterial.uasset" 275
"../../../Engine/Content/VREditor/TransformGizmo/TranslucentTransformGizmoMaterial.uexp" 276
"../../../Engine/Content/VREditor/TransformGizmo/PlaneTranslationHandle.ubulk" 277
"../../../Engine/Content/VREditor/TransformGizmo/PlaneTranslationHandle.uasset" 278
"../../../Engine/Content/VREditor/TransformGizmo/PlaneTranslationHandle.uexp" 279
"../../../Engine/Content/VREditor/TransformGizmo/BoundingBoxEdge.ubulk" 280
"../../../Engine/Content/VREditor/TransformGizmo/BoundingBoxEdge.uasset" 281
"../../../Engine/Content/VREditor/TransformGizmo/BoundingBoxEdge.uexp" 282
"../../../Engine/Content/VREditor/TransformGizmo/BoundingBoxCorner.ubulk" 283
"../../../Engine/Content/VREditor/TransformGizmo/BoundingBoxCorner.uasset" 284
"../../../Engine/Content/VREditor/TransformGizmo/BoundingBoxCorner.uexp" 285
"../../../Engine/Content/Tutorial/ContentIntroCurve.uasset" 286
"../../../Engine/Content/Tutorial/ContentIntroCurve.uexp" 287
"../../../Engine/Content/MobileResources/HUD/VirtualJoystick_Background.uasset" 288
"../../../Engine/Content/MobileResources/HUD/VirtualJoystick_Background.uexp" 289
"../../../Engine/Content/MobileResources/HUD/VirtualJoystick_Thumb.uasset" 290
"../../../Engine/Content/MobileResources/HUD/VirtualJoystick_Thumb.uexp" 291
"../../../Engine/Content/MobileResources/HUD/DefaultVirtualJoysticks.uasset" 292
"../../../Engine/Content/MobileResources/HUD/DefaultVirtualJoysticks.uexp" 293
"../../../Engine/Content/Functions/Engine_MaterialFunctions01/Shading/PowerToRoughness.uasset" 294
"../../../Engine/Content/Functions/Engine_MaterialFunctions01/Shading/PowerToRoughness.uexp" 295
"../../../Engine/Content/Functions/Engine_MaterialFunctions01/Shading/ConvertFromDiffSpec.uasset" 296
"../../../Engine/Content/Functions/Engine_MaterialFunctions01/Shading/ConvertFromDiffSpec.uexp" 297
"../../../Engine/Content/EngineSounds/Master.uasset" 298
"../../../Engine/Content/EngineSounds/Master.uexp" 299
"../../../Engine/Content/EngineSky/VolumetricClouds/CloudWeatherTexture.uasset" 300
"../../../Engine/Content/EngineSky/VolumetricClouds/CloudWeatherTexture.uexp" 301
"../../../Engine/Content/Functions/Engine_MaterialFunctions02/Utility/MakeFloat2.uasset" 302
"../../../Engine/Content/Functions/Engine_MaterialFunctions02/Utility/MakeFloat2.uexp" 303
"../../../Engine/Content/EngineSky/VolumetricClouds/CloudGradientTexture.uasset" 304
"../../../Engine/Content/EngineSky/VolumetricClouds/CloudGradientTexture.uexp" 305
"../../../Engine/Content/EngineSky/VolumetricClouds/T_NoiseShape64.ubulk" 306
"../../../Engine/Content/EngineSky/VolumetricClouds/T_NoiseShape64.uasset" 307
"../../../Engine/Content/EngineSky/VolumetricClouds/T_NoiseShape64.uexp" 308
"../../../Engine/Content/EngineSky/VolumetricClouds/T_VolumeNoiseShape64.uasset" 309
"../../../Engine/Content/EngineSky/VolumetricClouds/T_VolumeNoiseShape64.uexp" 310
"../../../Engine/Content/EngineSky/VolumetricClouds/T_NoiseErosion.ubulk" 311
"../../../Engine/Content/EngineSky/VolumetricClouds/T_NoiseErosion.uasset" 312
"../../../Engine/Content/EngineSky/VolumetricClouds/T_NoiseErosion.uexp" 313
"../../../Engine/Content/EngineSky/VolumetricClouds/T_VolumeNoiseErosion32.uasset" 314
"../../../Engine/Content/EngineSky/VolumetricClouds/T_VolumeNoiseErosion32.uexp" 315
"../../../Engine/Content/EngineSky/VolumetricClouds/m_SimpleVolumetricCloud.uasset" 316
"../../../Engine/Content/EngineSky/VolumetricClouds/m_SimpleVolumetricCloud.uexp" 317
"../../../Engine/Content/EngineSky/VolumetricClouds/m_SimpleVolumetricCloud_Inst.uasset" 318
"../../../Engine/Content/EngineSky/VolumetricClouds/m_SimpleVolumetricCloud_Inst.uexp" 319
"../../../Engine/Content/EngineResources/GradientTexture0.uasset" 320
"../../../Engine/Content/EngineResources/GradientTexture0.uexp" 321
"../../../Engine/Content/EngineResources/DefaultVolumeTexture2D.uasset" 322
"../../../Engine/Content/EngineResources/DefaultVolumeTexture2D.uexp" 323
"../../../Engine/Content/EngineResources/DefaultVolumeTexture.uasset" 324
"../../../Engine/Content/EngineResources/DefaultVolumeTexture.uexp" 325
"../../../Engine/Content/EngineResources/DefaultTextureCube.uasset" 326
"../../../Engine/Content/EngineResources/DefaultTextureCube.uexp" 327
"../../../Engine/Content/EngineResources/FilmGrains/Marcie_Grain_v3_128_M2_000.uasset" 328
"../../../Engine/Content/EngineResources/FilmGrains/Marcie_Grain_v3_128_M2_000.uexp" 329
"../../../Engine/Content/EngineMeshes/Sphere.ubulk" 330
"../../../Engine/Content/EngineMeshes/Sphere.uasset" 331
"../../../Engine/Content/EngineMeshes/Sphere.uexp" 332
"../../../Engine/Content/EngineResources/WhiteSquareTexture.uasset" 333
"../../../Engine/Content/EngineResources/WhiteSquareTexture.uexp" 334
"../../../Engine/Content/EngineMaterials/Widget3DPassThrough.uasset" 335
"../../../Engine/Content/EngineMaterials/Widget3DPassThrough.uexp" 336
"../../../Engine/Content/EngineMaterials/Widget3DPassThrough_Translucent.uasset" 337
"../../../Engine/Content/EngineMaterials/Widget3DPassThrough_Translucent.uexp" 338
"../../../Engine/Content/EngineMaterials/Widget3DPassThrough_Translucent_OneSided.uasset" 339
"../../../Engine/Content/EngineMaterials/Widget3DPassThrough_Translucent_OneSided.uexp" 340
"../../../Engine/Content/EngineMaterials/Widget3DPassThrough_Opaque.uasset" 341
"../../../Engine/Content/EngineMaterials/Widget3DPassThrough_Opaque.uexp" 342
"../../../Engine/Content/EngineMaterials/Widget3DPassThrough_Opaque_OneSided.uasset" 343
"../../../Engine/Content/EngineMaterials/Widget3DPassThrough_Opaque_OneSided.uexp" 344
"../../../Engine/Content/EngineMaterials/Widget3DPassThrough_Masked_OneSided.uasset" 345
"../../../Engine/Content/EngineMaterials/Widget3DPassThrough_Masked_OneSided.uexp" 346
"../../../Engine/Content/EngineMaterials/Widget3DPassThrough_Masked.uasset" 347
"../../../Engine/Content/EngineMaterials/Widget3DPassThrough_Masked.uexp" 348
"../../../Engine/Content/EngineMaterials/WeightMapPlaceholderTexture.uasset" 349
"../../../Engine/Content/EngineMaterials/WeightMapPlaceholderTexture.uexp" 350
"../../../Engine/Content/EngineMaterials/RemoveSurfaceMaterial.uasset" 351
"../../../Engine/Content/EngineMaterials/RemoveSurfaceMaterial.uexp" 352
"../../../Engine/Content/EngineMaterials/PreintegratedSkinBRDF.uasset" 353
"../../../Engine/Content/EngineMaterials/PreintegratedSkinBRDF.uexp" 354
"../../../Engine/Content/EngineMaterials/DefaultCalibrationGrayscale.uasset" 355
"../../../Engine/Content/EngineMaterials/DefaultCalibrationGrayscale.uexp" 356
"../../../Engine/Content/EngineMaterials/PPM_DefaultCalibrationGrayscale.uasset" 357
"../../../Engine/Content/EngineMaterials/PPM_DefaultCalibrationGrayscale.uexp" 358
"../../../Engine/Content/EngineMaterials/DefaultCalibrationColor.uasset" 359
"../../../Engine/Content/EngineMaterials/DefaultCalibrationColor.uexp" 360
"../../../Engine/Content/EngineMaterials/PPM_DefaultCalibrationColor.uasset" 361
"../../../Engine/Content/EngineMaterials/PPM_DefaultCalibrationColor.uexp" 362
"../../../Engine/Content/EngineMaterials/PhAT_JointLimitMaterial.uasset" 363
"../../../Engine/Content/EngineMaterials/PhAT_JointLimitMaterial.uexp" 364
"../../../Engine/Content/EngineMaterials/InvalidLightmapSettings.ubulk" 365
"../../../Engine/Content/EngineMaterials/InvalidLightmapSettings.uasset" 366
"../../../Engine/Content/EngineMaterials/InvalidLightmapSettings.uexp" 367
"../../../Engine/Content/EngineMaterials/M_InvalidLightmapSettings.uasset" 368
"../../../Engine/Content/EngineMaterials/M_InvalidLightmapSettings.uexp" 369
"../../../Engine/Content/EngineMaterials/MiniFont.uasset" 370
"../../../Engine/Content/EngineMaterials/MiniFont.uexp" 371
"../../../Engine/Content/EngineMaterials/Good64x64TilingNoiseHighFreq.uasset" 372
"../../../Engine/Content/EngineMaterials/Good64x64TilingNoiseHighFreq.uexp" 373
"../../../Engine/Content/EngineMaterials/GizmoMaterial.uasset" 374
"../../../Engine/Content/EngineMaterials/GizmoMaterial.uexp" 375
"../../../Engine/Content/EngineMaterials/BaseFlattenEmissiveMap_VT.uasset" 376
"../../../Engine/Content/EngineMaterials/BaseFlattenEmissiveMap_VT.uexp" 377
"../../../Engine/Content/EngineMaterials/BaseFlattenGrayscaleMap_VT.uasset" 378
"../../../Engine/Content/EngineMaterials/BaseFlattenGrayscaleMap_VT.uexp" 379
"../../../Engine/Content/EngineMaterials/BaseFlattenLinearColor_VT.uasset" 380
"../../../Engine/Content/EngineMaterials/BaseFlattenLinearColor_VT.uexp" 381
"../../../Engine/Content/EngineMaterials/Black_1x1_EXR_Texture_VT.uasset" 382
"../../../Engine/Content/EngineMaterials/Black_1x1_EXR_Texture_VT.uexp" 383
"../../../Engine/Content/EngineMaterials/BaseFlattenDiffuseMap_VT.uasset" 384
"../../../Engine/Content/EngineMaterials/BaseFlattenDiffuseMap_VT.uexp" 385
"../../../Engine/Content/EngineMaterials/BaseFlattenNormalMap_VT.uasset" 386
"../../../Engine/Content/EngineMaterials/BaseFlattenNormalMap_VT.uexp" 387
"../../../Engine/Content/EngineMaterials/FlattenMaterial_WS_Normal_VT.uasset" 388
"../../../Engine/Content/EngineMaterials/FlattenMaterial_WS_Normal_VT.uexp" 389
"../../../Engine/Content/EngineMaterials/FlattenMaterial_VT.uasset" 390
"../../../Engine/Content/EngineMaterials/FlattenMaterial_VT.uexp" 391
"../../../Engine/Content/EngineMaterials/BaseFlattenNormalMap.uasset" 392
"../../../Engine/Content/EngineMaterials/BaseFlattenNormalMap.uexp" 393
"../../../Engine/Content/EngineMaterials/BaseFlattenGrayscaleMap.uasset" 394
"../../../Engine/Content/EngineMaterials/BaseFlattenGrayscaleMap.uexp" 395
"../../../Engine/Content/EngineMaterials/BaseFlattenDiffuseMap.uasset" 396
"../../../Engine/Content/EngineMaterials/BaseFlattenDiffuseMap.uexp" 397
"../../../Engine/Content/Functions/Engine_MaterialFunctions02/PivotPainter2/Black_1x1_EXR_Texture.uasset" 398
"../../../Engine/Content/Functions/Engine_MaterialFunctions02/PivotPainter2/Black_1x1_EXR_Texture.uexp" 399
"../../../Engine/Content/EngineMaterials/BaseFlattenEmissiveMap.uasset" 400
"../../../Engine/Content/EngineMaterials/BaseFlattenEmissiveMap.uexp" 401
"../../../Engine/Content/EngineMaterials/BaseFlattenLinearColor.uasset" 402
"../../../Engine/Content/EngineMaterials/BaseFlattenLinearColor.uexp" 403
"../../../Engine/Content/EngineMaterials/FlattenMaterial.uasset" 404
"../../../Engine/Content/EngineMaterials/FlattenMaterial.uexp" 405
"../../../Engine/Content/EngineMaterials/DefaultWhiteGrid_Low.uasset" 406
"../../../Engine/Content/EngineMaterials/DefaultWhiteGrid_Low.uexp" 407
"../../../Engine/Content/EngineMaterials/EmissiveMeshMaterial.uasset" 408
"../../../Engine/Content/EngineMaterials/EmissiveMeshMaterial.uexp" 409
"../../../Engine/Content/EngineMaterials/DefaultWhiteGrid.ubulk" 410
"../../../Engine/Content/EngineMaterials/DefaultWhiteGrid.uasset" 411
"../../../Engine/Content/EngineMaterials/DefaultWhiteGrid.uexp" 412
"../../../Engine/Content/EngineFonts/RobotoDistanceField.uasset" 413
"../../../Engine/Content/EngineFonts/RobotoDistanceField.uexp" 414
"../../../Engine/Content/EngineMaterials/DefaultTextMaterialOpaque.uasset" 415
"../../../Engine/Content/EngineMaterials/DefaultTextMaterialOpaque.uexp" 416
"../../../Engine/Content/EngineMaterials/DefaultDiffuse.ubulk" 417
"../../../Engine/Content/EngineMaterials/DefaultDiffuse.uasset" 418
"../../../Engine/Content/EngineMaterials/DefaultDiffuse.uexp" 419
"../../../Engine/Content/Functions/Engine_MaterialFunctions02/Utility/BreakOutFloat2Components.uasset" 420
"../../../Engine/Content/Functions/Engine_MaterialFunctions02/Utility/BreakOutFloat2Components.uexp" 421
"../../../Engine/Content/EngineMaterials/DefaultPostProcessMaterial.uasset" 422
"../../../Engine/Content/EngineMaterials/DefaultPostProcessMaterial.uexp" 423
"../../../Engine/Content/EngineMaterials/DefaultLightFunctionMaterial.uasset" 424
"../../../Engine/Content/EngineMaterials/DefaultLightFunctionMaterial.uexp" 425
"../../../Engine/Content/EngineMaterials/DefaultDestructiblePhysicalMaterial.uasset" 426
"../../../Engine/Content/EngineMaterials/DefaultDestructiblePhysicalMaterial.uexp" 427
"../../../Engine/Content/EngineMaterials/DefaultDeferredDecalMaterial.uasset" 428
"../../../Engine/Content/EngineMaterials/DefaultDeferredDecalMaterial.uexp" 429
"../../../Engine/Content/EngineMaterials/DefaultBokeh.uasset" 430
"../../../Engine/Content/EngineMaterials/DefaultBokeh.uexp" 431
"../../../Engine/Content/EngineMaterials/DefaultBloomKernel.uasset" 432
"../../../Engine/Content/EngineMaterials/DefaultBloomKernel.uexp" 433
"../../../Engine/Content/EngineMaterials/BlueNoise.uasset" 434
"../../../Engine/Content/EngineMaterials/BlueNoise.uexp" 435
"../../../Engine/Content/EngineFonts/Faces/RobotoLight.uexp" 436
"../../../Engine/Content/EngineFonts/Faces/RobotoLight.uasset" 437
"../../../Engine/Content/EngineFonts/Faces/RobotoLight.ufont" 438
"../../../Engine/Content/EngineFonts/Faces/RobotoBold.uexp" 439
"../../../Engine/Content/EngineFonts/Faces/RobotoBold.uasset" 440
"../../../Engine/Content/EngineFonts/Faces/RobotoBold.ufont" 441
"../../../Engine/Content/EngineFonts/Faces/RobotoRegular.uexp" 442
"../../../Engine/Content/EngineFonts/Faces/RobotoRegular.uasset" 443
"../../../Engine/Content/EngineFonts/Faces/RobotoRegular.ufont" 444
"../../../Engine/Content/EngineFonts/Faces/DroidSansFallback.uexp" 445
"../../../Engine/Content/EngineFonts/Faces/DroidSansFallback.uasset" 446
"../../../Engine/Content/EngineFonts/Faces/DroidSansFallback.ufont" 447
"../../../Engine/Content/EngineFonts/Faces/RobotoItalic.uexp" 448
"../../../Engine/Content/EngineFonts/Faces/RobotoItalic.uasset" 449
"../../../Engine/Content/EngineFonts/Faces/RobotoItalic.ufont" 450
"../../../Engine/Content/EngineFonts/Faces/RobotoBoldItalic.uexp" 451
"../../../Engine/Content/EngineFonts/Faces/RobotoBoldItalic.uasset" 452
"../../../Engine/Content/EngineFonts/Faces/RobotoBoldItalic.ufont" 453
"../../../Engine/Content/EngineFonts/Roboto.uasset" 454
"../../../Engine/Content/EngineFonts/Roboto.uexp" 455
"../../../Engine/Content/Functions/Engine_MaterialFunctions02/Utility/CameraDirectionVector.uasset" 456
"../../../Engine/Content/Functions/Engine_MaterialFunctions02/Utility/CameraDirectionVector.uexp" 457
"../../../Engine/Content/EngineDebugMaterials/VolumeToRender.uasset" 458
"../../../Engine/Content/EngineDebugMaterials/VolumeToRender.uexp" 459
"../../../Engine/Content/EngineDebugMaterials/M_VolumeRenderSphereTracePP.uasset" 460
"../../../Engine/Content/EngineDebugMaterials/M_VolumeRenderSphereTracePP.uexp" 461
"../../../Engine/Content/EngineDebugMaterials/M_SimpleUnlitTranslucent.uasset" 462
"../../../Engine/Content/EngineDebugMaterials/M_SimpleUnlitTranslucent.uexp" 463
"../../../Engine/Content/EngineDebugMaterials/DebugMeshMaterial.uasset" 464
"../../../Engine/Content/EngineDebugMaterials/DebugMeshMaterial.uexp" 465
"../../../Engine/Content/EngineDebugMaterials/DebugEditorMaterial.uasset" 466
"../../../Engine/Content/EngineDebugMaterials/DebugEditorMaterial.uexp" 467
"../../../Engine/Content/EngineDamageTypes/DmgTypeBP_Environmental.uasset" 468
"../../../Engine/Content/EngineDamageTypes/DmgTypeBP_Environmental.uexp" 469
"../../../Engine/Content/EditorResources/S_TriggerSphere.uasset" 470
"../../../Engine/Content/EditorResources/S_TriggerSphere.uexp" 471
"../../../Engine/Content/EditorResources/S_TriggerCapsule.uasset" 472
"../../../Engine/Content/EditorResources/S_TriggerCapsule.uexp" 473
"../../../Engine/Content/EditorResources/S_TriggerBox.uasset" 474
"../../../Engine/Content/EditorResources/S_TriggerBox.uexp" 475
"../../../Engine/Content/EditorResources/S_Trigger.ubulk" 476
"../../../Engine/Content/EditorResources/S_Trigger.uasset" 477
"../../../Engine/Content/EditorResources/S_Trigger.uexp" 478
"../../../Engine/Content/EditorResources/S_Terrain.ubulk" 479
"../../../Engine/Content/EditorResources/S_Terrain.uasset" 480
"../../../Engine/Content/EditorResources/S_Terrain.uexp" 481
"../../../Engine/Content/EditorResources/S_Solver.ubulk" 482
"../../../Engine/Content/EditorResources/S_Solver.uasset" 483
"../../../Engine/Content/EditorResources/S_Solver.uexp" 484
"../../../Engine/Content/EditorResources/S_BoxReflectionCapture.uasset" 485
"../../../Engine/Content/EditorResources/S_BoxReflectionCapture.uexp" 486
"../../../Engine/Content/EditorResources/S_Actor.ubulk" 487
"../../../Engine/Content/EditorResources/S_Actor.uasset" 488
"../../../Engine/Content/EditorResources/S_Actor.uexp" 489
"../../../Engine/Content/EditorResources/EmptyActor.uasset" 490
"../../../Engine/Content/EditorResources/EmptyActor.uexp" 491
"../../../Engine/Content/EditorResources/BSPVertex.uasset" 492
"../../../Engine/Content/EditorResources/BSPVertex.uexp" 493
"../../../Engine/Content/EditorResources/SequenceRecorder/RecordingIndicator.uasset" 494
"../../../Engine/Content/EditorResources/SequenceRecorder/RecordingIndicator.uexp" 495
"../../../Engine/Content/EditorResources/SequenceRecorder/Countdown.uasset" 496
"../../../Engine/Content/EditorResources/SequenceRecorder/Countdown.uexp" 497
"../../../Engine/Content/EditorResources/LightIcons/S_LightError.uasset" 498
"../../../Engine/Content/EditorResources/LightIcons/S_LightError.uexp" 499
"../../../Engine/Content/EditorMaterials/Camera/CineMat.uasset" 500
"../../../Engine/Content/EditorMaterials/Camera/CineMat.uexp" 501
"../../../Engine/Content/EditorMaterials/Camera/MI_CineMat_Rig.uasset" 502
"../../../Engine/Content/EditorMaterials/Camera/MI_CineMat_Rig.uexp" 503
"../../../Engine/Content/EditorMeshes/Camera/SM_RailRig_Track.ubulk" 504
"../../../Engine/Content/EditorMeshes/Camera/SM_RailRig_Track.uasset" 505
"../../../Engine/Content/EditorMeshes/Camera/SM_RailRig_Track.uexp" 506
"../../../Engine/Content/EditorMeshes/Camera/SM_RailRig_Mount.ubulk" 507
"../../../Engine/Content/EditorMeshes/Camera/SM_RailRig_Mount.uasset" 508
"../../../Engine/Content/EditorMeshes/Camera/SM_RailRig_Mount.uexp" 509
"../../../Engine/Content/EditorMeshes/Camera/SM_CraneRig_Mount.ubulk" 510
"../../../Engine/Content/EditorMeshes/Camera/SM_CraneRig_Mount.uasset" 511
"../../../Engine/Content/EditorMeshes/Camera/SM_CraneRig_Mount.uexp" 512
"../../../Engine/Content/EditorMeshes/Camera/SM_CraneRig_Body.ubulk" 513
"../../../Engine/Content/EditorMeshes/Camera/SM_CraneRig_Body.uasset" 514
"../../../Engine/Content/EditorMeshes/Camera/SM_CraneRig_Body.uexp" 515
"../../../Engine/Content/EditorMeshes/Camera/SM_CraneRig_Base.ubulk" 516
"../../../Engine/Content/EditorMeshes/Camera/SM_CraneRig_Base.uasset" 517
"../../../Engine/Content/EditorMeshes/Camera/SM_CraneRig_Base.uexp" 518
"../../../Engine/Content/EditorMeshes/Camera/SM_CraneRig_Arm.ubulk" 519
"../../../Engine/Content/EditorMeshes/Camera/SM_CraneRig_Arm.uasset" 520
"../../../Engine/Content/EditorMeshes/Camera/SM_CraneRig_Arm.uexp" 521
"../../../Engine/Content/EditorMaterials/PreviewShadowIndicator.ubulk" 522
"../../../Engine/Content/EditorMaterials/PreviewShadowIndicator.uasset" 523
"../../../Engine/Content/EditorMaterials/PreviewShadowIndicator.uexp" 524
"../../../Engine/Content/EditorMaterials/PreviewShadowIndicatorMaterial.uasset" 525
"../../../Engine/Content/EditorMaterials/PreviewShadowIndicatorMaterial.uexp" 526
"../../../Engine/Content/EditorMaterials/MAT_Groups_Visibility.uasset" 527
"../../../Engine/Content/EditorMaterials/MAT_Groups_Visibility.uexp" 528
"../../../Engine/Content/EditorMaterials/MAT_Groups_Toggle.uasset" 529
"../../../Engine/Content/EditorMaterials/MAT_Groups_Toggle.uexp" 530
"../../../Engine/Content/Functions/Engine_MaterialFunctions02/Utility/MakeFloat4.uasset" 531
"../../../Engine/Content/Functions/Engine_MaterialFunctions02/Utility/MakeFloat4.uexp" 532
"../../../Engine/Content/Functions/Engine_MaterialFunctions02/Utility/MakeFloat3.uasset" 533
"../../../Engine/Content/Functions/Engine_MaterialFunctions02/Utility/MakeFloat3.uexp" 534
"../../../Engine/Content/EditorMaterials/WorldPartition/WorldPartitionSpatialHashGridPreviewMaterial.uasset" 535
"../../../Engine/Content/EditorMaterials/WorldPartition/WorldPartitionSpatialHashGridPreviewMaterial.uexp" 536
"../../../Engine/Content/EditorMaterials/ParticleSystems/PSysThumbnail_OOD.ubulk" 537
"../../../Engine/Content/EditorMaterials/ParticleSystems/PSysThumbnail_OOD.uasset" 538
"../../../Engine/Content/EditorMaterials/ParticleSystems/PSysThumbnail_OOD.uexp" 539
"../../../Engine/Content/EditorMaterials/ParticleSystems/PSysThumbnail_NoImage.ubulk" 540
"../../../Engine/Content/EditorMaterials/ParticleSystems/PSysThumbnail_NoImage.uasset" 541
"../../../Engine/Content/EditorMaterials/ParticleSystems/PSysThumbnail_NoImage.uexp" 542
"../../../Engine/Content/EditorMaterials/MatineeGroups/MAT_Groups_Vector.uasset" 543
"../../../Engine/Content/EditorMaterials/MatineeGroups/MAT_Groups_Vector.uexp" 544
"../../../Engine/Content/EditorMaterials/MatineeGroups/MAT_Groups_Sound.uasset" 545
"../../../Engine/Content/EditorMaterials/MatineeGroups/MAT_Groups_Sound.uexp" 546
"../../../Engine/Content/EditorMaterials/MatineeGroups/MAT_Groups_Slomo.uasset" 547
"../../../Engine/Content/EditorMaterials/MatineeGroups/MAT_Groups_Slomo.uexp" 548
"../../../Engine/Content/EditorMaterials/MatineeGroups/MAT_Groups_Move.uasset" 549
"../../../Engine/Content/EditorMaterials/MatineeGroups/MAT_Groups_Move.uexp" 550
"../../../Engine/Content/EditorMaterials/MatineeGroups/MAT_Groups_Float.uasset" 551
"../../../Engine/Content/EditorMaterials/MatineeGroups/MAT_Groups_Float.uexp" 552
"../../../Engine/Content/EditorMaterials/MatineeGroups/MAT_Groups_Fade.uasset" 553
"../../../Engine/Content/EditorMaterials/MatineeGroups/MAT_Groups_Fade.uexp" 554
"../../../Engine/Content/EditorMaterials/MatineeGroups/MAT_Groups_Event.uasset" 555
"../../../Engine/Content/EditorMaterials/MatineeGroups/MAT_Groups_Event.uexp" 556
"../../../Engine/Content/EditorMaterials/MatineeGroups/MAT_Groups_Director.uasset" 557
"../../../Engine/Content/EditorMaterials/MatineeGroups/MAT_Groups_Director.uexp" 558
"../../../Engine/Content/EditorMaterials/MatineeGroups/MAT_Groups_AudioMaster.uasset" 559
"../../../Engine/Content/EditorMaterials/MatineeGroups/MAT_Groups_AudioMaster.uexp" 560
"../../../Engine/Content/EditorMaterials/MatineeGroups/MAT_Groups_Anim.uasset" 561
"../../../Engine/Content/EditorMaterials/MatineeGroups/MAT_Groups_Anim.uexp" 562
"../../../Engine/Content/EditorMaterials/MatineeGroups/MAT_ColorTrack.uasset" 563
"../../../Engine/Content/EditorMaterials/MatineeGroups/MAT_ColorTrack.uexp" 564
"../../../Engine/Content/EditorLandscapeResources/DefaultAlphaTexture.uasset" 565
"../../../Engine/Content/EditorLandscapeResources/DefaultAlphaTexture.uexp" 566
"../../../Engine/Content/EditorLandscapeResources/DataLayer.uasset" 567
"../../../Engine/Content/EditorLandscapeResources/DataLayer.uexp" 568
"../../../Engine/Content/EngineMaterials/DefaultMaterial.uasset" 569
"../../../Engine/Content/EngineMaterials/DefaultMaterial.uexp" 570
"../../../Engine/Content/BasicShapes/Sphere.ubulk" 571
"../../../Engine/Content/BasicShapes/Sphere.uasset" 572
"../../../Engine/Content/BasicShapes/Sphere.uexp" 573
"../../../Engine/Content/BasicShapes/Plane.ubulk" 574
"../../../Engine/Content/BasicShapes/Plane.uasset" 575
"../../../Engine/Content/BasicShapes/Plane.uexp" 576
"../../../Engine/Content/BasicShapes/Cylinder.ubulk" 577
"../../../Engine/Content/BasicShapes/Cylinder.uasset" 578
"../../../Engine/Content/BasicShapes/Cylinder.uexp" 579
"../../../Engine/Content/BasicShapes/Cube.ubulk" 580
"../../../Engine/Content/BasicShapes/Cube.uasset" 581
"../../../Engine/Content/BasicShapes/Cube.uexp" 582
"../../../Engine/Content/BasicShapes/Cone.ubulk" 583
"../../../Engine/Content/BasicShapes/Cone.uasset" 584
"../../../Engine/Content/BasicShapes/Cone.uexp" 585
"../../../Engine/Content/ArtTools/RenderToTexture/Meshes/S_1_Unit_Plane.ubulk" 586
"../../../Engine/Content/ArtTools/RenderToTexture/Meshes/S_1_Unit_Plane.uasset" 587
"../../../Engine/Content/ArtTools/RenderToTexture/Meshes/S_1_Unit_Plane.uexp" 588
"../../../Engine/Plugins/Runtime/HairStrands/Content/Materials/HairMeshesDefaultMaterial.uasset" 589
"../../../Engine/Plugins/Runtime/HairStrands/Content/Materials/HairMeshesDefaultMaterial.uexp" 590
"../../../Engine/Plugins/Runtime/HairStrands/Content/Materials/HairDefaultMaterial.uasset" 591
"../../../Engine/Plugins/Runtime/HairStrands/Content/Materials/HairDefaultMaterial.uexp" 592
"../../../Engine/Plugins/Runtime/HairStrands/Content/Materials/HairGroupColors.uasset" 593
"../../../Engine/Plugins/Runtime/HairStrands/Content/Materials/HairGroupColors.uexp" 594
"../../../Engine/Content/EngineMaterials/HairColorMap.uasset" 595
"../../../Engine/Content/EngineMaterials/HairColorMap.uexp" 596
"../../../Engine/Content/EngineMaterials/HairDebugColor.uasset" 597
"../../../Engine/Content/EngineMaterials/HairDebugColor.uexp" 598
"../../../Engine/Plugins/Runtime/HairStrands/Content/Materials/HairDebugMaterial.uasset" 599
"../../../Engine/Plugins/Runtime/HairStrands/Content/Materials/HairDebugMaterial.uexp" 600
"../../../Engine/Plugins/Runtime/HairStrands/Content/Materials/HairCardsDefaultMaterial.uasset" 601
"../../../Engine/Plugins/Runtime/HairStrands/Content/Materials/HairCardsDefaultMaterial.uexp" 602
"../../../Engine/Content/Maps/Entry_BuiltData.uasset" 603
"../../../Engine/Content/Maps/Entry_BuiltData.uexp" 604
"../../../Engine/Content/Maps/Entry.uexp" 605
"../../../Engine/Content/Maps/Entry.umap" 606
"C:/Users/Ryan/Documents/Unreal Projects/SoloProject/Content/Portal/Meshs/SM_PortalWall.ubulk" 607
"C:/Users/Ryan/Documents/Unreal Projects/SoloProject/Content/Portal/Meshs/SM_PortalWall.uasset" 608
"C:/Users/Ryan/Documents/Unreal Projects/SoloProject/Content/Portal/Meshs/SM_PortalWall.uexp" 609
"C:/Users/Ryan/Documents/Unreal Projects/SoloProject/Content/Portal/Materials/PortalRing/PortalRingMat.uasset" 610
"C:/Users/Ryan/Documents/Unreal Projects/SoloProject/Content/Portal/Materials/PortalRing/PortalRingMat.uexp" 611
"C:/Users/Ryan/Documents/Unreal Projects/SoloProject/Content/Portal/Materials/PortalRing/PortalRingBMI.uasset" 612
"C:/Users/Ryan/Documents/Unreal Projects/SoloProject/Content/Portal/Materials/PortalRing/PortalRingBMI.uexp" 613
"C:/Users/Ryan/Documents/Unreal Projects/SoloProject/Content/Portal/Materials/PortalRenderTargets/PortalRenderTargetA.uasset" 614
"C:/Users/Ryan/Documents/Unreal Projects/SoloProject/Content/Portal/Materials/PortalRenderTargets/PortalRenderTargetA.uexp" 615
"../../../Engine/Content/Functions/Engine_MaterialFunctions01/Texturing/ScaleUVsByCenter.uasset" 616
"../../../Engine/Content/Functions/Engine_MaterialFunctions01/Texturing/ScaleUVsByCenter.uexp" 617
"../../../Engine/Content/Functions/Engine_MaterialFunctions02/ScreenResolution.uasset" 618
"../../../Engine/Content/Functions/Engine_MaterialFunctions02/ScreenResolution.uexp" 619
"../../../Engine/Content/Functions/Engine_MaterialFunctions02/Texturing/ScreenAlignedUVs.uasset" 620
"../../../Engine/Content/Functions/Engine_MaterialFunctions02/Texturing/ScreenAlignedUVs.uexp" 621
"C:/Users/Ryan/Documents/Unreal Projects/SoloProject/Content/Portal/Materials/PortalRenderTargets/PortalRenderTargetMat.uasset" 622
"C:/Users/Ryan/Documents/Unreal Projects/SoloProject/Content/Portal/Materials/PortalRenderTargets/PortalRenderTargetMat.uexp" 623
"C:/Users/Ryan/Documents/Unreal Projects/SoloProject/Content/Portal/Materials/PortalRenderTargets/MI_RenderTargetA.uasset" 624
"C:/Users/Ryan/Documents/Unreal Projects/SoloProject/Content/Portal/Materials/PortalRenderTargets/MI_RenderTargetA.uexp" 625
"C:/Users/Ryan/Documents/Unreal Projects/SoloProject/Content/Portal/Materials/Colours/ColourMat.uasset" 626
"C:/Users/Ryan/Documents/Unreal Projects/SoloProject/Content/Portal/Materials/Colours/ColourMat.uexp" 627
"C:/Users/Ryan/Documents/Unreal Projects/SoloProject/Content/Portal/Materials/Colours/DarkGreyMI.uasset" 628
"C:/Users/Ryan/Documents/Unreal Projects/SoloProject/Content/Portal/Materials/Colours/DarkGreyMI.uexp" 629
"C:/Users/Ryan/Documents/Unreal Projects/SoloProject/Content/Portal/Materials/PortalRing/PortalRingAMI.uasset" 630
"C:/Users/Ryan/Documents/Unreal Projects/SoloProject/Content/Portal/Materials/PortalRing/PortalRingAMI.uexp" 631
"C:/Users/Ryan/Documents/Unreal Projects/SoloProject/Content/Portal/Materials/PortalRenderTargets/PortalRenderTargetB.uasset" 632
"C:/Users/Ryan/Documents/Unreal Projects/SoloProject/Content/Portal/Materials/PortalRenderTargets/PortalRenderTargetB.uexp" 633
"C:/Users/Ryan/Documents/Unreal Projects/SoloProject/Content/Portal/Materials/PortalRenderTargets/MI_RenderTargetB.uasset" 634
"C:/Users/Ryan/Documents/Unreal Projects/SoloProject/Content/Portal/Materials/PortalRenderTargets/MI_RenderTargetB.uexp" 635
"C:/Users/Ryan/Documents/Unreal Projects/SoloProject/Content/Portal/Meshs/SM_PortalBorder.ubulk" 636
"C:/Users/Ryan/Documents/Unreal Projects/SoloProject/Content/Portal/Meshs/SM_PortalBorder.uasset" 637
"C:/Users/Ryan/Documents/Unreal Projects/SoloProject/Content/Portal/Meshs/SM_PortalBorder.uexp" 638
"C:/Users/Ryan/Documents/Unreal Projects/SoloProject/Content/Portal/Meshs/SM_Portal.ubulk" 639
"C:/Users/Ryan/Documents/Unreal Projects/SoloProject/Content/Portal/Meshs/SM_Portal.uasset" 640
"C:/Users/Ryan/Documents/Unreal Projects/SoloProject/Content/Portal/Meshs/SM_Portal.uexp" 641
"../../../Engine/Content/EditorBlueprintResources/StandardMacros.uasset" 642
"../../../Engine/Content/EditorBlueprintResources/StandardMacros.uexp" 643
"../../../Engine/Content/Functions/Engine_MaterialFunctions02/Utility/BlendAngleCorrectedNormals.uasset" 644
"../../../Engine/Content/Functions/Engine_MaterialFunctions02/Utility/BlendAngleCorrectedNormals.uexp" 645
"../../../Engine/Content/Functions/MaterialLayerFunctions/MatLayerBlend_NormalBlend.uasset" 646
"../../../Engine/Content/Functions/MaterialLayerFunctions/MatLayerBlend_NormalBlend.uexp" 647
"C:/Users/Ryan/Documents/Unreal Projects/SoloProject/Content/FirstPersonArms/Character/Materials/MaterialLayers/T_ML_Rubber_Blue_01_N.ubulk" 648
"C:/Users/Ryan/Documents/Unreal Projects/SoloProject/Content/FirstPersonArms/Character/Materials/MaterialLayers/T_ML_Rubber_Blue_01_N.uasset" 649
"C:/Users/Ryan/Documents/Unreal Projects/SoloProject/Content/FirstPersonArms/Character/Materials/MaterialLayers/T_ML_Rubber_Blue_01_N.uexp" 650
"C:/Users/Ryan/Documents/Unreal Projects/SoloProject/Content/FirstPersonArms/Character/Materials/MaterialLayers/T_ML_Rubber_Blue_01_D.ubulk" 651
"C:/Users/Ryan/Documents/Unreal Projects/SoloProject/Content/FirstPersonArms/Character/Materials/MaterialLayers/T_ML_Rubber_Blue_01_D.uasset" 652
"C:/Users/Ryan/Documents/Unreal Projects/SoloProject/Content/FirstPersonArms/Character/Materials/MaterialLayers/T_ML_Rubber_Blue_01_D.uexp" 653
"C:/Users/Ryan/Documents/Unreal Projects/SoloProject/Content/FirstPersonArms/Character/Materials/MaterialLayers/ML_GlossyBlack_Latex_UE4.uasset" 654
"C:/Users/Ryan/Documents/Unreal Projects/SoloProject/Content/FirstPersonArms/Character/Materials/MaterialLayers/ML_GlossyBlack_Latex_UE4.uexp" 655
"C:/Users/Ryan/Documents/Unreal Projects/SoloProject/Content/FirstPersonArms/Character/Textures/UE4_Mannequin_MAT_MASKA.ubulk" 656
"C:/Users/Ryan/Documents/Unreal Projects/SoloProject/Content/FirstPersonArms/Character/Textures/UE4_Mannequin_MAT_MASKA.uasset" 657
"C:/Users/Ryan/Documents/Unreal Projects/SoloProject/Content/FirstPersonArms/Character/Textures/UE4_Mannequin_MAT_MASKA.uexp" 658
"C:/Users/Ryan/Documents/Unreal Projects/SoloProject/Content/FirstPersonArms/Character/Textures/UE4_LOGO_CARD.ubulk" 659
"C:/Users/Ryan/Documents/Unreal Projects/SoloProject/Content/FirstPersonArms/Character/Textures/UE4_LOGO_CARD.uasset" 660
"C:/Users/Ryan/Documents/Unreal Projects/SoloProject/Content/FirstPersonArms/Character/Textures/UE4_LOGO_CARD.uexp" 661
"C:/Users/Ryan/Documents/Unreal Projects/SoloProject/Content/FirstPersonArms/Character/Materials/MaterialLayers/ML_Plastic_Shiny_Beige_LOGO.uasset" 662
"C:/Users/Ryan/Documents/Unreal Projects/SoloProject/Content/FirstPersonArms/Character/Materials/MaterialLayers/ML_Plastic_Shiny_Beige_LOGO.uexp" 663
"../../../Engine/Content/Functions/MaterialLayerFunctions/MatLayerBlend_Simple.uasset" 664
"../../../Engine/Content/Functions/MaterialLayerFunctions/MatLayerBlend_Simple.uexp" 665
"C:/Users/Ryan/Documents/Unreal Projects/SoloProject/Content/FirstPersonArms/Character/Materials/MaterialLayers/T_ML_Aluminum01.ubulk" 666
"C:/Users/Ryan/Documents/Unreal Projects/SoloProject/Content/FirstPersonArms/Character/Materials/MaterialLayers/T_ML_Aluminum01.uasset" 667
"C:/Users/Ryan/Documents/Unreal Projects/SoloProject/Content/FirstPersonArms/Character/Materials/MaterialLayers/T_ML_Aluminum01.uexp" 668
"C:/Users/Ryan/Documents/Unreal Projects/SoloProject/Content/FirstPersonArms/Character/Materials/MaterialLayers/T_ML_Aluminum01_N.ubulk" 669
"C:/Users/Ryan/Documents/Unreal Projects/SoloProject/Content/FirstPersonArms/Character/Materials/MaterialLayers/T_ML_Aluminum01_N.uasset" 670
"C:/Users/Ryan/Documents/Unreal Projects/SoloProject/Content/FirstPersonArms/Character/Materials/MaterialLayers/T_ML_Aluminum01_N.uexp" 671
"C:/Users/Ryan/Documents/Unreal Projects/SoloProject/Content/FirstPersonArms/Character/Materials/MaterialLayers/ML_SoftMetal_UE4.uasset" 672
"C:/Users/Ryan/Documents/Unreal Projects/SoloProject/Content/FirstPersonArms/Character/Materials/MaterialLayers/ML_SoftMetal_UE4.uexp" 673
"C:/Users/Ryan/Documents/Unreal Projects/SoloProject/Content/FirstPersonArms/Character/Materials/MaterialLayers/ML_Plastic_Shiny_Beige.uasset" 674
"C:/Users/Ryan/Documents/Unreal Projects/SoloProject/Content/FirstPersonArms/Character/Materials/MaterialLayers/ML_Plastic_Shiny_Beige.uexp" 675
"C:/Users/Ryan/Documents/Unreal Projects/SoloProject/Content/FirstPersonArms/Character/Textures/UE4_Mannequin__normals.ubulk" 676
"C:/Users/Ryan/Documents/Unreal Projects/SoloProject/Content/FirstPersonArms/Character/Textures/UE4_Mannequin__normals.uasset" 677
"C:/Users/Ryan/Documents/Unreal Projects/SoloProject/Content/FirstPersonArms/Character/Textures/UE4_Mannequin__normals.uexp" 678
"C:/Users/Ryan/Documents/Unreal Projects/SoloProject/Content/FirstPersonArms/Character/Materials/M_UE4Man_Body.uasset" 679
"C:/Users/Ryan/Documents/Unreal Projects/SoloProject/Content/FirstPersonArms/Character/Materials/M_UE4Man_Body.uexp" 680
"C:/Users/Ryan/Documents/Unreal Projects/SoloProject/Content/FirstPersonArms/Character/Mesh/SK_Mannequin_Arms_PhysicsAsset.uasset" 681
"C:/Users/Ryan/Documents/Unreal Projects/SoloProject/Content/FirstPersonArms/Character/Mesh/SK_Mannequin_Arms_PhysicsAsset.uexp" 682
"C:/Users/Ryan/Documents/Unreal Projects/SoloProject/Content/FirstPersonArms/Character/Mesh/SK_Mannequin_Arms_Skeleton.uasset" 683
"C:/Users/Ryan/Documents/Unreal Projects/SoloProject/Content/FirstPersonArms/Character/Mesh/SK_Mannequin_Arms_Skeleton.uexp" 684
"C:/Users/Ryan/Documents/Unreal Projects/SoloProject/Content/FirstPersonArms/Character/Mesh/SK_Mannequin_Arms.uasset" 685
"C:/Users/Ryan/Documents/Unreal Projects/SoloProject/Content/FirstPersonArms/Character/Mesh/SK_Mannequin_Arms.uexp" 686
"C:/Users/Ryan/Documents/Unreal Projects/SoloProject/Content/Portal/PortalComponent.uasset" 687
"C:/Users/Ryan/Documents/Unreal Projects/SoloProject/Content/Portal/PortalComponent.uexp" 688
"../../../Engine/Content/Animation/DefaultAnimCurveCompressionSettings.uasset" 689
"../../../Engine/Content/Animation/DefaultAnimCurveCompressionSettings.uexp" 690
"../../../Engine/Content/Animation/DefaultAnimBoneCompressionSettings.uasset" 691
"../../../Engine/Content/Animation/DefaultAnimBoneCompressionSettings.uexp" 692
"C:/Users/Ryan/Documents/Unreal Projects/SoloProject/Content/FirstPersonArms/Animations/FirstPerson_JumpLoop.uasset" 693
"C:/Users/Ryan/Documents/Unreal Projects/SoloProject/Content/FirstPersonArms/Animations/FirstPerson_JumpLoop.uexp" 694
"C:/Users/Ryan/Documents/Unreal Projects/SoloProject/Content/FirstPersonArms/Animations/FirstPerson_Run.uasset" 695
"C:/Users/Ryan/Documents/Unreal Projects/SoloProject/Content/FirstPersonArms/Animations/FirstPerson_Run.uexp" 696
"C:/Users/Ryan/Documents/Unreal Projects/SoloProject/Content/FirstPersonArms/Animations/FirstPerson_JumpEnd.uasset" 697
"C:/Users/Ryan/Documents/Unreal Projects/SoloProject/Content/FirstPersonArms/Animations/FirstPerson_JumpEnd.uexp" 698
"C:/Users/Ryan/Documents/Unreal Projects/SoloProject/Content/FirstPersonArms/Animations/FirstPerson_Idle.uasset" 699
"C:/Users/Ryan/Documents/Unreal Projects/SoloProject/Content/FirstPersonArms/Animations/FirstPerson_Idle.uexp" 700
"C:/Users/Ryan/Documents/Unreal Projects/SoloProject/Content/FirstPersonArms/Animations/FirstPerson_JumpStart.uasset" 701
"C:/Users/Ryan/Documents/Unreal Projects/SoloProject/Content/FirstPersonArms/Animations/FirstPerson_JumpStart.uexp" 702
"C:/Users/Ryan/Documents/Unreal Projects/SoloProject/Content/FirstPersonArms/Animations/FirstPerson_AnimBP.uasset" 703
"C:/Users/Ryan/Documents/Unreal Projects/SoloProject/Content/FirstPersonArms/Animations/FirstPerson_AnimBP.uexp" 704
"C:/Users/Ryan/Documents/Unreal Projects/SoloProject/Content/Sound/PortalFireLeft.ubulk" 705
"C:/Users/Ryan/Documents/Unreal Projects/SoloProject/Content/Sound/PortalFireLeft.uasset" 706
"C:/Users/Ryan/Documents/Unreal Projects/SoloProject/Content/Sound/PortalFireLeft.uexp" 707
"C:/Users/Ryan/Documents/Unreal Projects/SoloProject/Content/Sound/PortalFireRight.ubulk" 708
"C:/Users/Ryan/Documents/Unreal Projects/SoloProject/Content/Sound/PortalFireRight.uasset" 709
"C:/Users/Ryan/Documents/Unreal Projects/SoloProject/Content/Sound/PortalFireRight.uexp" 710
"C:/Users/Ryan/Documents/Unreal Projects/SoloProject/Content/FirstPerson/Blueprints/BP_FirstPersonCharacter.uasset" 711
"C:/Users/Ryan/Documents/Unreal Projects/SoloProject/Content/FirstPerson/Blueprints/BP_FirstPersonCharacter.uexp" 712
"C:/Users/Ryan/Documents/Unreal Projects/SoloProject/Content/Sound/PassThrough.ubulk" 713
"C:/Users/Ryan/Documents/Unreal Projects/SoloProject/Content/Sound/PassThrough.uasset" 714
"C:/Users/Ryan/Documents/Unreal Projects/SoloProject/Content/Sound/PassThrough.uexp" 715
"C:/Users/Ryan/Documents/Unreal Projects/SoloProject/Content/Portal/BP_Portal.uasset" 716
"C:/Users/Ryan/Documents/Unreal Projects/SoloProject/Content/Portal/BP_Portal.uexp" 717
"C:/Users/Ryan/Documents/Unreal Projects/SoloProject/Content/Portal/Materials/PortalWall/PortalWallMat.uasset" 718
"C:/Users/Ryan/Documents/Unreal Projects/SoloProject/Content/Portal/Materials/PortalWall/PortalWallMat.uexp" 719
"C:/Users/Ryan/Documents/Unreal Projects/SoloProject/Content/FunctionLibrary.uasset" 720
"C:/Users/Ryan/Documents/Unreal Projects/SoloProject/Content/FunctionLibrary.uexp" 721
"C:/Users/Ryan/Documents/Unreal Projects/SoloProject/Content/Portal/BP_PortalWall.uasset" 722
"C:/Users/Ryan/Documents/Unreal Projects/SoloProject/Content/Portal/BP_PortalWall.uexp" 723
"../../../Engine/Content/Functions/Engine_MaterialFunctions02/ExampleContent/Textures/LowResBlurredNoise.uasset" 724
"../../../Engine/Content/Functions/Engine_MaterialFunctions02/ExampleContent/Textures/LowResBlurredNoise.uexp" 725
"../../../Engine/Content/Functions/Engine_MaterialFunctions02/ExampleContent/Textures/water_d.ubulk" 726
"../../../Engine/Content/Functions/Engine_MaterialFunctions02/ExampleContent/Textures/water_d.uasset" 727
"../../../Engine/Content/Functions/Engine_MaterialFunctions02/ExampleContent/Textures/water_d.uexp" 728
"../../../Engine/Content/Functions/Engine_MaterialFunctions02/ExampleContent/Textures/water_n.ubulk" 729
"../../../Engine/Content/Functions/Engine_MaterialFunctions02/ExampleContent/Textures/water_n.uasset" 730
"../../../Engine/Content/Functions/Engine_MaterialFunctions02/ExampleContent/Textures/water_n.uexp" 731
"../../../Engine/Content/EngineMaterials/DefaultNormal.ubulk" 732
"../../../Engine/Content/EngineMaterials/DefaultNormal.uasset" 733
"../../../Engine/Content/EngineMaterials/DefaultNormal.uexp" 734
"../../../Engine/Content/EngineResources/DefaultTexture.ubulk" 735
"../../../Engine/Content/EngineResources/DefaultTexture.uasset" 736
"../../../Engine/Content/EngineResources/DefaultTexture.uexp" 737
"../../../Engine/Plugins/Experimental/Water/Content/Textures/Normals/T_Water_TilingNormal_With_Height_02_Softened.ubulk" 738
"../../../Engine/Plugins/Experimental/Water/Content/Textures/Normals/T_Water_TilingNormal_With_Height_02_Softened.uasset" 739
"../../../Engine/Plugins/Experimental/Water/Content/Textures/Normals/T_Water_TilingNormal_With_Height_02_Softened.uexp" 740
"../../../Engine/Plugins/Experimental/Water/Content/FluidSimulation/WaveFoam/FoamRT.uasset" 741
"../../../Engine/Plugins/Experimental/Water/Content/FluidSimulation/WaveFoam/FoamRT.uexp" 742
"../../../Engine/Plugins/Experimental/Water/Content/Textures/Foam/T_WaterFlow_01_Foam_Tiled.ubulk" 743
"../../../Engine/Plugins/Experimental/Water/Content/Textures/Foam/T_WaterFlow_01_Foam_Tiled.uasset" 744
"../../../Engine/Plugins/Experimental/Water/Content/Textures/Foam/T_WaterFlow_01_Foam_Tiled.uexp" 745
"../../../Engine/Plugins/Experimental/Water/Content/Textures/Foam/T_WaterFlow_01_Foam_Tiled_N.ubulk" 746
"../../../Engine/Plugins/Experimental/Water/Content/Textures/Foam/T_WaterFlow_01_Foam_Tiled_N.uasset" 747
"../../../Engine/Plugins/Experimental/Water/Content/Textures/Foam/T_WaterFlow_01_Foam_Tiled_N.uexp" 748
"../../../Engine/Content/EngineSky/VolumetricClouds/T_NoiseShape.uexp" 749
"../../../Engine/Content/EngineSky/VolumetricClouds/T_NoiseShape.ubulk" 750
"../../../Engine/Content/EngineSky/VolumetricClouds/T_NoiseShape.uasset" 751
"../../../Engine/Content/EngineSky/VolumetricClouds/T_NoiseShape.uptnl" 752
"../../../Engine/Content/EngineSky/VolumetricClouds/T_VolumeNoiseShape128.uasset" 753
"../../../Engine/Content/EngineSky/VolumetricClouds/T_VolumeNoiseShape128.uexp" 754
"../../../Engine/Plugins/Experimental/Water/Content/FluidSimulation/WaveFoam/WaterDistanceField.uasset" 755
"../../../Engine/Plugins/Experimental/Water/Content/FluidSimulation/WaveFoam/WaterDistanceField.uexp" 756
"../../../Engine/Content/Functions/Engine_MaterialFunctions02/Math/Transform3x3Matrix.uasset" 757
"../../../Engine/Content/Functions/Engine_MaterialFunctions02/Math/Transform3x3Matrix.uexp" 758
"../../../Engine/Plugins/Experimental/Landmass/Content/Landscape/BlueprintBrushes/MPC/MPC_Landscape.uasset" 759
"../../../Engine/Plugins/Experimental/Landmass/Content/Landscape/BlueprintBrushes/MPC/MPC_Landscape.uexp" 760
"../../../Engine/Content/Functions/Engine_MaterialFunctions01/Gradient/LinearGradient.uasset" 761
"../../../Engine/Content/Functions/Engine_MaterialFunctions01/Gradient/LinearGradient.uexp" 762
"../../../Engine/Content/Functions/Engine_MaterialFunctions01/ImageAdjustment/CheapContrast.uasset" 763
"../../../Engine/Content/Functions/Engine_MaterialFunctions01/ImageAdjustment/CheapContrast.uexp" 764
"../../../Engine/Content/Functions/Engine_MaterialFunctions02/Texturing/HeightLerp.uasset" 765
"../../../Engine/Content/Functions/Engine_MaterialFunctions02/Texturing/HeightLerp.uexp" 766
"../../../Engine/Content/Functions/Engine_MaterialFunctions03/Procedurals/NormalFromHeightmap.uasset" 767
"../../../Engine/Content/Functions/Engine_MaterialFunctions03/Procedurals/NormalFromHeightmap.uexp" 768
"../../../Engine/Plugins/Experimental/Water/Content/Materials/MPC/MPC_Water.uasset" 769
"../../../Engine/Plugins/Experimental/Water/Content/Materials/MPC/MPC_Water.uexp" 770
"../../../Engine/Content/Functions/Engine_MaterialFunctions01/Gradient/BoxMask-2D.uasset" 771
"../../../Engine/Content/Functions/Engine_MaterialFunctions01/Gradient/BoxMask-2D.uexp" 772
"../../../Engine/Content/EngineResources/Black.uasset" 773
"../../../Engine/Content/EngineResources/Black.uexp" 774
"../../../Engine/Plugins/Experimental/Water/Content/Materials/Functions/HighQualityTextureFiltering.uasset" 775
"../../../Engine/Plugins/Experimental/Water/Content/Materials/Functions/HighQualityTextureFiltering.uexp" 776
"../../../Engine/Plugins/Experimental/Water/Content/Materials/Functions/WaterBodyData.uasset" 777
"../../../Engine/Plugins/Experimental/Water/Content/Materials/Functions/WaterBodyData.uexp" 778
"../../../Engine/Plugins/Experimental/Water/Content/Materials/Layers/BeachFoam.uasset" 779
"../../../Engine/Plugins/Experimental/Water/Content/Materials/Layers/BeachFoam.uexp" 780
"../../../Engine/Plugins/Experimental/Water/Content/Materials/Functions/WaterOpacityMaskFromDepth.uasset" 781
"../../../Engine/Plugins/Experimental/Water/Content/Materials/Functions/WaterOpacityMaskFromDepth.uexp" 782
"../../../Engine/Content/Functions/Engine_MaterialFunctions01/Texturing/FlattenNormal.uasset" 783
"../../../Engine/Content/Functions/Engine_MaterialFunctions01/Texturing/FlattenNormal.uexp" 784
"../../../Engine/Content/Functions/Engine_MaterialFunctions01/Coordinates/WorldPosition-XY.uasset" 785
"../../../Engine/Content/Functions/Engine_MaterialFunctions01/Coordinates/WorldPosition-XY.uexp" 786
"../../../Engine/Content/Functions/Engine_MaterialFunctions02/Math/MakeVectorsOrthogonal.uasset" 787
"../../../Engine/Content/Functions/Engine_MaterialFunctions02/Math/MakeVectorsOrthogonal.uexp" 788
"../../../Engine/Content/Functions/Engine_MaterialFunctions01/Texturing/ComputeMipLevel.uasset" 789
"../../../Engine/Content/Functions/Engine_MaterialFunctions01/Texturing/ComputeMipLevel.uexp" 790
"../../../Engine/Content/Functions/Engine_MaterialFunctions02/Math/AddComponents.uasset" 791
"../../../Engine/Content/Functions/Engine_MaterialFunctions02/Math/AddComponents.uexp" 792
"../../../Engine/Content/Functions/Engine_MaterialFunctions02/Math/TimeWithSpeedVariable.uasset" 793
"../../../Engine/Content/Functions/Engine_MaterialFunctions02/Math/TimeWithSpeedVariable.uexp" 794
"../../../Engine/Content/Functions/Engine_MaterialFunctions02/Utility/LinearSine.uasset" 795
"../../../Engine/Content/Functions/Engine_MaterialFunctions02/Utility/LinearSine.uexp" 796
"../../../Engine/Content/Functions/Engine_MaterialFunctions02/Texturing/Flowmaps.uasset" 797
"../../../Engine/Content/Functions/Engine_MaterialFunctions02/Texturing/Flowmaps.uexp" 798
"../../../Engine/Plugins/Experimental/Water/Content/Materials/Functions/WaterRiverFlowmaps.uasset" 799
"../../../Engine/Plugins/Experimental/Water/Content/Materials/Functions/WaterRiverFlowmaps.uexp" 800
"../../../Engine/Plugins/Experimental/Water/Content/Caustics/Materials/Functions/GetDistortionUV.uasset" 801
"../../../Engine/Plugins/Experimental/Water/Content/Caustics/Materials/Functions/GetDistortionUV.uexp" 802
"../../../Engine/Plugins/Experimental/Water/Content/Materials/Functions/WaterTextureWaves.uasset" 803
"../../../Engine/Plugins/Experimental/Water/Content/Materials/Functions/WaterTextureWaves.uexp" 804
"../../../Engine/Plugins/Experimental/Water/Content/Materials/Functions/ComputeWavesAttenuationFactor.uasset" 805
"../../../Engine/Plugins/Experimental/Water/Content/Materials/Functions/ComputeWavesAttenuationFactor.uexp" 806
"../../../Engine/Content/Functions/Engine_MaterialFunctions01/Opacity/AlphaOffset.uasset" 807
"../../../Engine/Content/Functions/Engine_MaterialFunctions01/Opacity/AlphaOffset.uexp" 808
"../../../Engine/Plugins/Experimental/Water/Content/Materials/Layers/WaterAttributes.uasset" 809
"../../../Engine/Plugins/Experimental/Water/Content/Materials/Layers/WaterAttributes.uexp" 810
"../../../Engine/Plugins/Experimental/Water/Content/Materials/Functions/Water_Underside.uasset" 811
"../../../Engine/Plugins/Experimental/Water/Content/Materials/Functions/Water_Underside.uexp" 812
"../../../Engine/Plugins/Experimental/Water/Content/Materials/Functions/WaveDepthFalloff_Overrides.uasset" 813
"../../../Engine/Plugins/Experimental/Water/Content/Materials/Functions/WaveDepthFalloff_Overrides.uexp" 814
"../../../Engine/Plugins/Experimental/Water/Content/Materials/Functions/ComputeGerstnerWaves.uasset" 815
"../../../Engine/Plugins/Experimental/Water/Content/Materials/Functions/ComputeGerstnerWaves.uexp" 816
"../../../Engine/Plugins/Experimental/Water/Content/FluidSimulation/Materials/Functions/Fluidsim_WorldPosition_to_UV.uasset" 817
"../../../Engine/Plugins/Experimental/Water/Content/FluidSimulation/Materials/Functions/Fluidsim_WorldPosition_to_UV.uexp" 818
"../../../Engine/Plugins/Experimental/Water/Content/Materials/Functions/SampleFluidSimulation.uasset" 819
"../../../Engine/Plugins/Experimental/Water/Content/Materials/Functions/SampleFluidSimulation.uexp" 820
"../../../Engine/Plugins/Experimental/Water/Content/Materials/Functions/WaterTextureSurface.uasset" 821
"../../../Engine/Plugins/Experimental/Water/Content/Materials/Functions/WaterTextureSurface.uexp" 822
"../../../Engine/Plugins/Experimental/Water/Content/Materials/Functions/WorldNormalBehindWater.uasset" 823
"../../../Engine/Plugins/Experimental/Water/Content/Materials/Functions/WorldNormalBehindWater.uexp" 824
"../../../Engine/Plugins/Experimental/Water/Content/Materials/Functions/GetWaterTime.uasset" 825
"../../../Engine/Plugins/Experimental/Water/Content/Materials/Functions/GetWaterTime.uexp" 826
"../../../Engine/Plugins/Experimental/Water/Content/Materials/Functions/WorldPositionBehindWater.uasset" 827
"../../../Engine/Plugins/Experimental/Water/Content/Materials/Functions/WorldPositionBehindWater.uexp" 828
"../../../Engine/Plugins/Experimental/Water/Content/Caustics/Materials/Functions/WaterCaustics_GerstnerWaves.uasset" 829
"../../../Engine/Plugins/Experimental/Water/Content/Caustics/Materials/Functions/WaterCaustics_GerstnerWaves.uexp" 830
"../../../Engine/Plugins/Experimental/Water/Content/Materials/Functions/SetWaveAttributes.uasset" 831
"../../../Engine/Plugins/Experimental/Water/Content/Materials/Functions/SetWaveAttributes.uexp" 832
"../../../Engine/Plugins/Experimental/Water/Content/Materials/Functions/WaterHeightMappingVS.uasset" 833
"../../../Engine/Plugins/Experimental/Water/Content/Materials/Functions/WaterHeightMappingVS.uexp" 834
"../../../Engine/Plugins/Experimental/Water/Content/Materials/Functions/WaveVelocityMask.uasset" 835
"../../../Engine/Plugins/Experimental/Water/Content/Materials/Functions/WaveVelocityMask.uexp" 836
"../../../Engine/Plugins/Experimental/Water/Content/Materials/Functions/WaterCoefficientMask.uasset" 837
"../../../Engine/Plugins/Experimental/Water/Content/Materials/Functions/WaterCoefficientMask.uexp" 838
"../../../Engine/Plugins/Experimental/Water/Content/Materials/WaterSurface/Water_Material.uasset" 839
"../../../Engine/Plugins/Experimental/Water/Content/Materials/WaterSurface/Water_Material.uexp" 840
"../../../Engine/Plugins/Experimental/Water/Content/Materials/WaterSurface/Water_FarMesh.uasset" 841
"../../../Engine/Plugins/Experimental/Water/Content/Materials/WaterSurface/Water_FarMesh.uexp" 842
"C:/Users/Ryan/Documents/Unreal Projects/SoloProject/Content/_GENERATED/Ryan/CubeGridToolOutput_A6379274.ubulk" 843
"C:/Users/Ryan/Documents/Unreal Projects/SoloProject/Content/_GENERATED/Ryan/CubeGridToolOutput_A6379274.uasset" 844
"C:/Users/Ryan/Documents/Unreal Projects/SoloProject/Content/_GENERATED/Ryan/CubeGridToolOutput_A6379274.uexp" 845
"../../../Engine/Plugins/Experimental/Water/Content/Materials/WaterSurface/Water_Material_Inst.uasset" 846
"../../../Engine/Plugins/Experimental/Water/Content/Materials/WaterSurface/Water_Material_Inst.uexp" 847
"../../../Engine/Plugins/Experimental/Water/Content/Materials/WaterSurface/Water_Material_Ocean.uasset" 848
"../../../Engine/Plugins/Experimental/Water/Content/Materials/WaterSurface/Water_Material_Ocean.uexp" 849
"../../../Engine/Content/EngineMaterials/DefaultPhysicalMaterial.uasset" 850
"../../../Engine/Content/EngineMaterials/DefaultPhysicalMaterial.uexp" 851
"C:/Users/Ryan/Documents/Unreal Projects/SoloProject/Content/NewLevel_BuiltData.ubulk" 852
"C:/Users/Ryan/Documents/Unreal Projects/SoloProject/Content/NewLevel_BuiltData.uasset" 853
"C:/Users/Ryan/Documents/Unreal Projects/SoloProject/Content/NewLevel_BuiltData.uexp" 854
"../../../Engine/Plugins/Experimental/Water/Content/Waves/GerstnerWaves_Ocean.uasset" 855
"../../../Engine/Plugins/Experimental/Water/Content/Waves/GerstnerWaves_Ocean.uexp" 856
"../../../Engine/Plugins/Experimental/Water/Content/Curves/FloatCurve.uasset" 857
"../../../Engine/Plugins/Experimental/Water/Content/Curves/FloatCurve.uexp" 858
"../../../Engine/Content/Functions/Engine_MaterialFunctions02/ExampleContent/DebugNumberStrip.uasset" 859
"../../../Engine/Content/Functions/Engine_MaterialFunctions02/ExampleContent/DebugNumberStrip.uexp" 860
"../../../Engine/Content/Functions/Engine_MaterialFunctions01/Texturing/TextureCropping.uasset" 861
"../../../Engine/Content/Functions/Engine_MaterialFunctions01/Texturing/TextureCropping.uexp" 862
"../../../Engine/Content/Functions/Engine_MaterialFunctions02/ExampleContent/Textures/DebugNumberPeriod.uasset" 863
"../../../Engine/Content/Functions/Engine_MaterialFunctions02/ExampleContent/Textures/DebugNumberPeriod.uexp" 864
"../../../Engine/Content/Functions/Engine_MaterialFunctions02/Utility/DebugScalarValues.uasset" 865
"../../../Engine/Content/Functions/Engine_MaterialFunctions02/Utility/DebugScalarValues.uexp" 866
"../../../Engine/Content/Functions/Engine_MaterialFunctions01/Volumetrics/SchlickPhase.uasset" 867
"../../../Engine/Content/Functions/Engine_MaterialFunctions01/Volumetrics/SchlickPhase.uexp" 868
"../../../Engine/Plugins/Experimental/Water/Content/Materials/PostProcessing/M_UnderWater_PostProcess_Volume.uasset" 869
"../../../Engine/Plugins/Experimental/Water/Content/Materials/PostProcessing/M_UnderWater_PostProcess_Volume.uexp" 870
"../../../Engine/Plugins/Bridge/Content/MSPresets/MSTextures/Placeholder_Normal.uasset" 871
"../../../Engine/Plugins/Bridge/Content/MSPresets/MSTextures/Placeholder_Normal.uexp" 872
"../../../Engine/Plugins/Bridge/Content/MSPresets/MSTextures/WhitePlaceholder.uasset" 873
"../../../Engine/Plugins/Bridge/Content/MSPresets/MSTextures/WhitePlaceholder.uexp" 874
"../../../Engine/Plugins/Bridge/Content/MSPresets/M_MS_Default_Material/Functions/MF_Transmission.uasset" 875
"../../../Engine/Plugins/Bridge/Content/MSPresets/M_MS_Default_Material/Functions/MF_Transmission.uexp" 876
"../../../Engine/Content/Functions/Engine_MaterialFunctions02/Texturing/CustomRotator.uasset" 877
"../../../Engine/Content/Functions/Engine_MaterialFunctions02/Texturing/CustomRotator.uexp" 878
"../../../Engine/Plugins/Bridge/Content/MSPresets/M_MS_Default_Material/Functions/MF_MapAdjustments.uasset" 879
"../../../Engine/Plugins/Bridge/Content/MSPresets/M_MS_Default_Material/Functions/MF_MapAdjustments.uexp" 880
"../../../Engine/Plugins/Bridge/Content/MSPresets/M_MS_Default_Material/Functions/MF_Tiling.uasset" 881
"../../../Engine/Plugins/Bridge/Content/MSPresets/M_MS_Default_Material/Functions/MF_Tiling.uexp" 882
"../../../Engine/Plugins/Bridge/Content/MSPresets/MSTextures/BlackPlaceholder.uasset" 883
"../../../Engine/Plugins/Bridge/Content/MSPresets/MSTextures/BlackPlaceholder.uexp" 884
"C:/Users/Ryan/Documents/Unreal Projects/SoloProject/Content/MSPresets/M_MS_Surface_Material/M_MS_Surface_Material.uasset" 885
"C:/Users/Ryan/Documents/Unreal Projects/SoloProject/Content/MSPresets/M_MS_Surface_Material/M_MS_Surface_Material.uexp" 886
"C:/Users/Ryan/Documents/Unreal Projects/SoloProject/Content/Megascans/Surfaces/Concrete_Wall_vhjldck/T_Concrete_Wall_vhjldck_4K_N.ubulk" 887
"C:/Users/Ryan/Documents/Unreal Projects/SoloProject/Content/Megascans/Surfaces/Concrete_Wall_vhjldck/T_Concrete_Wall_vhjldck_4K_N.uasset" 888
"C:/Users/Ryan/Documents/Unreal Projects/SoloProject/Content/Megascans/Surfaces/Concrete_Wall_vhjldck/T_Concrete_Wall_vhjldck_4K_N.uexp" 889
"C:/Users/Ryan/Documents/Unreal Projects/SoloProject/Content/Megascans/Surfaces/Concrete_Wall_vhjldck/T_Concrete_Wall_vhjldck_4K_D.ubulk" 890
"C:/Users/Ryan/Documents/Unreal Projects/SoloProject/Content/Megascans/Surfaces/Concrete_Wall_vhjldck/T_Concrete_Wall_vhjldck_4K_D.uasset" 891
"C:/Users/Ryan/Documents/Unreal Projects/SoloProject/Content/Megascans/Surfaces/Concrete_Wall_vhjldck/T_Concrete_Wall_vhjldck_4K_D.uexp" 892
"C:/Users/Ryan/Documents/Unreal Projects/SoloProject/Content/Megascans/Surfaces/Concrete_Wall_vhjldck/T_ConcreteWall_vhjldck_4K_ORDp.ubulk" 893
"C:/Users/Ryan/Documents/Unreal Projects/SoloProject/Content/Megascans/Surfaces/Concrete_Wall_vhjldck/T_ConcreteWall_vhjldck_4K_ORDp.uasset" 894
"C:/Users/Ryan/Documents/Unreal Projects/SoloProject/Content/Megascans/Surfaces/Concrete_Wall_vhjldck/T_ConcreteWall_vhjldck_4K_ORDp.uexp" 895
"C:/Users/Ryan/Documents/Unreal Projects/SoloProject/Content/Megascans/Surfaces/Concrete_Wall_vhjldck/MI_Concrete_Wall_vhjldck_4K.uasset" 896
"C:/Users/Ryan/Documents/Unreal Projects/SoloProject/Content/Megascans/Surfaces/Concrete_Wall_vhjldck/MI_Concrete_Wall_vhjldck_4K.uexp" 897
"C:/Users/Ryan/Documents/Unreal Projects/SoloProject/Content/Megascans/3D_Assets/Tundra_Rocky_Ground_vjbocgzmw/T_TundraRockyGround_vjbocgzmw_4K_DpRF.ubulk" 898
"C:/Users/Ryan/Documents/Unreal Projects/SoloProject/Content/Megascans/3D_Assets/Tundra_Rocky_Ground_vjbocgzmw/T_TundraRockyGround_vjbocgzmw_4K_DpRF.uasset" 899
"C:/Users/Ryan/Documents/Unreal Projects/SoloProject/Content/Megascans/3D_Assets/Tundra_Rocky_Ground_vjbocgzmw/T_TundraRockyGround_vjbocgzmw_4K_DpRF.uexp" 900
"C:/Users/Ryan/Documents/Unreal Projects/SoloProject/Content/Megascans/3D_Assets/Tundra_Rocky_Ground_vjbocgzmw/T_Tundra_Rocky_Ground_vjbocgzmw_4K_N.ubulk" 901
"C:/Users/Ryan/Documents/Unreal Projects/SoloProject/Content/Megascans/3D_Assets/Tundra_Rocky_Ground_vjbocgzmw/T_Tundra_Rocky_Ground_vjbocgzmw_4K_N.uasset" 902
"C:/Users/Ryan/Documents/Unreal Projects/SoloProject/Content/Megascans/3D_Assets/Tundra_Rocky_Ground_vjbocgzmw/T_Tundra_Rocky_Ground_vjbocgzmw_4K_N.uexp" 903
"C:/Users/Ryan/Documents/Unreal Projects/SoloProject/Content/Megascans/3D_Assets/Tundra_Rocky_Ground_vjbocgzmw/T_Tundra_Rocky_Ground_vjbocgzmw_4K_D.ubulk" 904
"C:/Users/Ryan/Documents/Unreal Projects/SoloProject/Content/Megascans/3D_Assets/Tundra_Rocky_Ground_vjbocgzmw/T_Tundra_Rocky_Ground_vjbocgzmw_4K_D.uasset" 905
"C:/Users/Ryan/Documents/Unreal Projects/SoloProject/Content/Megascans/3D_Assets/Tundra_Rocky_Ground_vjbocgzmw/T_Tundra_Rocky_Ground_vjbocgzmw_4K_D.uexp" 906
"../../../Engine/Plugins/Bridge/Content/MSPresets/M_MS_Default_Fuzz_Material/Functions/MF_Tiling.uasset" 907
"../../../Engine/Plugins/Bridge/Content/MSPresets/M_MS_Default_Fuzz_Material/Functions/MF_Tiling.uexp" 908
"../../../Engine/Plugins/Bridge/Content/MSPresets/M_MS_Default_Fuzz_Material/Functions/MF_Fuzz.uasset" 909
"../../../Engine/Plugins/Bridge/Content/MSPresets/M_MS_Default_Fuzz_Material/Functions/MF_Fuzz.uexp" 910
"C:/Users/Ryan/Documents/Unreal Projects/SoloProject/Content/MSPresets/M_MS_Default_Fuzz_Material/M_MS_Default_Fuzz_Material.uasset" 911
"C:/Users/Ryan/Documents/Unreal Projects/SoloProject/Content/MSPresets/M_MS_Default_Fuzz_Material/M_MS_Default_Fuzz_Material.uexp" 912
"C:/Users/Ryan/Documents/Unreal Projects/SoloProject/Content/Megascans/3D_Assets/Tundra_Rocky_Ground_vjbocgzmw/MI_Tundra_Rocky_Ground_vjbocgzmw_4K.uasset" 913
"C:/Users/Ryan/Documents/Unreal Projects/SoloProject/Content/Megascans/3D_Assets/Tundra_Rocky_Ground_vjbocgzmw/MI_Tundra_Rocky_Ground_vjbocgzmw_4K.uexp" 914
"C:/Users/Ryan/Documents/Unreal Projects/SoloProject/Content/Megascans/3D_Assets/Tundra_Rocky_Ground_vjbocgzmw/S_Tundra_Rocky_Ground_vjbocgzmw_lod0_Var1.ubulk" 915
"C:/Users/Ryan/Documents/Unreal Projects/SoloProject/Content/Megascans/3D_Assets/Tundra_Rocky_Ground_vjbocgzmw/S_Tundra_Rocky_Ground_vjbocgzmw_lod0_Var1.uasset" 916
"C:/Users/Ryan/Documents/Unreal Projects/SoloProject/Content/Megascans/3D_Assets/Tundra_Rocky_Ground_vjbocgzmw/S_Tundra_Rocky_Ground_vjbocgzmw_lod0_Var1.uexp" 917
"C:/Users/Ryan/Documents/Unreal Projects/SoloProject/Content/NewLevel.uexp" 918
"C:/Users/Ryan/Documents/Unreal Projects/SoloProject/Content/NewLevel.ubulk" 919
"C:/Users/Ryan/Documents/Unreal Projects/SoloProject/Content/NewLevel.umap" 920
